Using pre-set license
Built from '6000.1/staging' branch; Version is '6000.1.11f1 (9b156bbbd4df) revision 10163563'; Using compiler version '194234433'; Build Type 'Release'
OS: 'Windows 11  (10.0.26100) 64bit Core' Language: 'ja' Physical Memory: 16124 MB
BatchMode: 1, IsHumanControllingUs: 0, StartBugReporterOnCrash: 0, Is64bit: 1, IsPro: 1
Date: 2025-07-31T04:47:30Z

COMMAND LINE ARGUMENTS:
C:\Program Files\Unity\Hub\Editor\6000.1.11f1\Editor\Unity.exe
-adb2
-batchMode
-noUpm
-name
AssetImportWorker1
-projectPath
C:/Users/exp4_g2/Desktop/2025/music station
-logFile
Logs/AssetImportWorker1.log
-srvPort
52646
-job-worker-count
7
-background-job-worker-count
8
-gc-helper-count
1
-name
AssetImport
Successfully changed project path to: C:/Users/exp4_g2/Desktop/2025/music station
C:/Users/exp4_g2/Desktop/2025/music station
[UnityMemory] Configuration Parameters - Can be set up in boot.config
    "memorysetup-allocator-temp-initial-block-size-main=262144"
    "memorysetup-allocator-temp-initial-block-size-worker=262144"
    "memorysetup-bucket-allocator-granularity=16"
    "memorysetup-bucket-allocator-bucket-count=8"
    "memorysetup-bucket-allocator-block-size=33554432"
    "memorysetup-bucket-allocator-block-count=8"
    "memorysetup-main-allocator-block-size=16777216"
    "memorysetup-thread-allocator-block-size=16777216"
    "memorysetup-gfx-main-allocator-block-size=16777216"
    "memorysetup-gfx-thread-allocator-block-size=16777216"
    "memorysetup-cache-allocator-block-size=4194304"
    "memorysetup-typetree-allocator-block-size=2097152"
    "memorysetup-profiler-bucket-allocator-granularity=16"
    "memorysetup-profiler-bucket-allocator-bucket-count=8"
    "memorysetup-profiler-bucket-allocator-block-size=33554432"
    "memorysetup-profiler-bucket-allocator-block-count=8"
    "memorysetup-profiler-allocator-block-size=16777216"
    "memorysetup-profiler-editor-allocator-block-size=1048576"
    "memorysetup-temp-allocator-size-main=16777216"
    "memorysetup-job-temp-allocator-block-size=2097152"
    "memorysetup-job-temp-allocator-block-size-background=1048576"
    "memorysetup-job-temp-allocator-reduction-small-platforms=262144"
    "memorysetup-temp-allocator-size-background-worker=32768"
    "memorysetup-temp-allocator-size-job-worker=262144"
    "memorysetup-temp-allocator-size-preload-manager=33554432"
    "memorysetup-temp-allocator-size-nav-mesh-worker=65536"
    "memorysetup-temp-allocator-size-audio-worker=65536"
    "memorysetup-temp-allocator-size-cloud-worker=32768"
    "memorysetup-temp-allocator-size-gi-baking-worker=262144"
    "memorysetup-temp-allocator-size-gi-baking-worker=262144"
    "memorysetup-temp-allocator-size-gi-baking-worker=262144"
    "memorysetup-temp-allocator-size-gi-baking-worker=262144"
    "memorysetup-temp-allocator-size-gi-baking-worker=262144"
    "memorysetup-temp-allocator-size-gfx=262144"
Player connection [12512]  Target information:

Player connection [12512]  * "[IP] 172.25.51.248 [Port] 0 [Flags] 2 [Guid] 177008918 [EditorId] 177008918 [Version] 1048832 [Id] WindowsEditor(7,DESKTOP-HURLPC7) [Debug] 1 [PackageName] WindowsEditor [ProjectName] Editor" 

Player connection [12512] Host joined multi-casting on [225.0.0.222:54997]...
Player connection [12512] Host joined alternative multi-casting on [225.0.0.222:34997]...
JobSystem: Creating JobQueue using job-worker-count value 7
Input System module state changed to: Initialized.
[Physics::Module] Initialized fallback backend.
[Physics::Module] Id: 0xdecafbad
Library Redirect Path: Library/
[Physics::Module] Selected backend.
[Physics::Module] Name: PhysX
[Physics::Module] Id: 0xf2b8ea05
[Physics::Module] SDK Version: 4.1.2
[Physics::Module] Integration Version: 1.0.0
[Physics::Module] Threading Mode: Multi-Threaded
Refreshing native plugins compatible for Editor in 20.81 ms, found 16 plugins.
Unity memory allocator detected: MetaXRAudio native memory allocations will be tracked.
Preloading 2 native plugins for Editor in 2.67 ms.
Initialize engine version: 6000.1.11f1 (9b156bbbd4df)
[Subsystems] Discovering subsystems at path C:/Program Files/Unity/Hub/Editor/6000.1.11f1/Editor/Data/Resources/UnitySubsystems
[Subsystems] Discovering subsystems at path C:/Users/exp4_g2/Desktop/2025/music station/Assets
GfxDevice: creating device client; kGfxThreadingModeNonThreaded
Direct3D:
    Version:  Direct3D 11.0 [level 11.1]
    Renderer: NVIDIA GeForce RTX 4050 Laptop GPU (ID=0x28a1)
    Vendor:   NVIDIA
    VRAM:     5936 MB
    Driver:   31.0.15.4619
Shader 'Meta/MRUK/Scene/HighlightsAndShadows': fallback shader 'Off' not found
Shader 'Oculus/OVRMRCameraFrameLit': fallback shader 'Alpha-Diffuse' not found
Initialize mono
Mono path[0] = 'C:/Program Files/Unity/Hub/Editor/6000.1.11f1/Editor/Data/Managed'
Mono path[1] = 'C:/Program Files/Unity/Hub/Editor/6000.1.11f1/Editor/Data/MonoBleedingEdge/lib/mono/unityjit-win32'
Mono config path = 'C:/Program Files/Unity/Hub/Editor/6000.1.11f1/Editor/Data/MonoBleedingEdge/etc'
Using monoOptions --debugger-agent=transport=dt_socket,embedding=1,server=y,suspend=n,address=127.0.0.1:56980
Begin MonoManager ReloadAssembly
Registering precompiled unity dll's ...
Register platform support module: C:/Program Files/Unity/Hub/Editor/6000.1.11f1/Editor/Data/PlaybackEngines/WindowsStandaloneSupport/UnityEditor.WindowsStandalone.Extensions.dll
Register platform support module: C:/Program Files/Unity/Hub/Editor/6000.1.11f1/Editor/Data/PlaybackEngines/AndroidPlayer/UnityEditor.Android.Extensions.dll
Registered in 0.002338 seconds.
- Loaded All Assemblies, in  0.349 seconds
Native extension for Android target not found
Android Extension - Scanning For ADB Devices 279 ms
Native extension for WindowsStandalone target not found
Mono: successfully reloaded assembly
- Finished resetting the current domain, in  0.651 seconds
Domain Reload Profiling: 998ms
	BeginReloadAssembly (113ms)
		ExecutionOrderSort (0ms)
		DisableScriptedObjects (0ms)
		BackupInstance (0ms)
		ReleaseScriptingObjects (0ms)
		CreateAndSetChildDomain (1ms)
	RebuildCommonClasses (35ms)
	RebuildNativeTypeToScriptingClass (13ms)
	initialDomainReloadingComplete (47ms)
	LoadAllAssembliesAndSetupDomain (139ms)
		LoadAssemblies (111ms)
		RebuildTransferFunctionScriptingTraits (0ms)
		AnalyzeDomain (135ms)
			TypeCache.Refresh (134ms)
				TypeCache.ScanAssembly (122ms)
			BuildScriptInfoCaches (0ms)
			ResolveRequiredComponents (0ms)
	FinalizeReload (651ms)
		ReleaseScriptCaches (0ms)
		RebuildScriptCaches (0ms)
		SetupLoadedEditorAssemblies (602ms)
			LogAssemblyErrors (0ms)
			InitializePlatformSupportModulesInManaged (358ms)
			SetLoadedEditorAssemblies (3ms)
			BeforeProcessingInitializeOnLoad (54ms)
			ProcessInitializeOnLoadAttributes (127ms)
			ProcessInitializeOnLoadMethodAttributes (59ms)
			AfterProcessingInitializeOnLoad (0ms)
			EditorAssembliesLoaded (0ms)
		ExecutionOrderSort2 (0ms)
		AwakeInstancesAfterBackupRestoration (0ms)
========================================================================
Worker process is ready to serve import requests
Import Worker Mode flag is 0x00
Begin MonoManager ReloadAssembly
Symbol file LoadedFromMemory is not a mono symbol file
- Loaded All Assemblies, in  0.897 seconds
Script 'CharacterController' has the same name as built-in Unity component.
AddComponent and GetComponent will not work with this script.
'Packages/com.meta.xr.sdk.core/Editor/BuildingBlocks/BlocksWindow.cs' contains partial class of Unity.Object, exactly 1 of the partial classes needs to be in a file with the same filename. This is to know the one that can be referenced from ie. GameObjects
'Packages/com.meta.xr.sdk.core/Editor/BuildingBlocks/BlocksWindowDetailsExtension.cs' contains partial class of Unity.Object, exactly 1 of the partial classes needs to be in a file with the same filename. This is to know the one that can be referenced from ie. GameObjects
'Packages/com.meta.xr.sdk.core/Editor/BuildingBlocks/BlocksWindowCollectionsPageExtension.cs' contains partial class of Unity.Object, exactly 1 of the partial classes needs to be in a file with the same filename. This is to know the one that can be referenced from ie. GameObjects
Refreshing native plugins compatible for Editor in 11.30 ms, found 16 plugins.
Native extension for Android target not found
Native extension for WindowsStandalone target not found
Package Manager log level set to [2]
[Package Manager] Failed to launch server process. Reason: Unity was launched with the -noUpm command-line argument
[Package Manager] Unable to send message (not connected to server process).
[Package Manager] Cannot connect to Unity Package Manager local server
[Package Manager] Failed to launch server process. Reason: Unity was launched with the -noUpm command-line argument
[Package Manager] Unable to send message (not connected to server process).
[Package Manager] Cannot connect to Unity Package Manager local server
Refreshing native plugins compatible for Editor in 7.98 ms, found 16 plugins.
  % Total    % Received % Xferd  Average Speed   Time    Time     Time  Current
                                 Dload  Upload   Total   Spent    Left  Speed
  0     0    0     0    0     0      0      0 --:--:-- --:--:-- --:--:--     0100    29    0    29    0     0    114      0 --:--:-- --:--:-- --:--:--   115
[Package Manager] Failed to launch server process. Reason: Unity was launched with the -noUpm command-line argument
[Package Manager] Unable to send message (not connected to server process).
[Package Manager] Cannot connect to Unity Package Manager local server
Mono: successfully reloaded assembly
[Package Manager] Failed to launch server process. Reason: Unity was launched with the -noUpm command-line argument
[Package Manager] Unable to send message (not connected to server process).
[Package Manager] Cannot connect to Unity Package Manager local server
[Package Manager] Failed to launch server process. Reason: Unity was launched with the -noUpm command-line argument
[Package Manager] Unable to send message (not connected to server process).
[Package Manager] Cannot connect to Unity Package Manager local server
- Finished resetting the current domain, in  1.450 seconds
Domain Reload Profiling: 2341ms
	BeginReloadAssembly (164ms)
		ExecutionOrderSort (0ms)
		DisableScriptedObjects (5ms)
		BackupInstance (0ms)
		ReleaseScriptingObjects (0ms)
		CreateAndSetChildDomain (25ms)
	RebuildCommonClasses (35ms)
	RebuildNativeTypeToScriptingClass (10ms)
	initialDomainReloadingComplete (41ms)
	LoadAllAssembliesAndSetupDomain (640ms)
		LoadAssemblies (408ms)
		RebuildTransferFunctionScriptingTraits (0ms)
		AnalyzeDomain (328ms)
			TypeCache.Refresh (237ms)
				TypeCache.ScanAssembly (211ms)
			BuildScriptInfoCaches (73ms)
			ResolveRequiredComponents (16ms)
	FinalizeReload (1451ms)
		ReleaseScriptCaches (0ms)
		RebuildScriptCaches (0ms)
		SetupLoadedEditorAssemblies (1254ms)
			LogAssemblyErrors (0ms)
			InitializePlatformSupportModulesInManaged (9ms)
			SetLoadedEditorAssemblies (4ms)
			BeforeProcessingInitializeOnLoad (157ms)
			ProcessInitializeOnLoadAttributes (938ms)
			ProcessInitializeOnLoadMethodAttributes (142ms)
			AfterProcessingInitializeOnLoad (4ms)
			EditorAssembliesLoaded (0ms)
		ExecutionOrderSort2 (0ms)
		AwakeInstancesAfterBackupRestoration (5ms)
Shader 'Meta/MRUK/Scene/HighlightsAndShadows': fallback shader 'Off' not found
Shader 'Oculus/OVRMRCameraFrameLit': fallback shader 'Alpha-Diffuse' not found
Launched and connected shader compiler UnityShaderCompiler.exe after 0.01 seconds
Refreshing native plugins compatible for Editor in 13.88 ms, found 16 plugins.
Preloading 2 native plugins for Editor in 0.12 ms.
Unloading 310 Unused Serialized files (Serialized files now loaded: 0)
Unloading 8848 unused Assets / (4.7 MB). Loaded Objects now: 9647.
Memory consumption went from 220.4 MB to 215.7 MB.
Total: 9.598600 ms (FindLiveObjects: 1.222500 ms CreateObjectMapping: 0.410400 ms MarkObjects: 5.869500 ms  DeleteObjects: 2.095000 ms)

========================================================================
Received Prepare
Script 'CharacterController' has the same name as built-in Unity component.
AddComponent and GetComponent will not work with this script.
'Packages/com.meta.xr.sdk.core/Editor/BuildingBlocks/BlocksWindow.cs' contains partial class of Unity.Object, exactly 1 of the partial classes needs to be in a file with the same filename. This is to know the one that can be referenced from ie. GameObjects
'Packages/com.meta.xr.sdk.core/Editor/BuildingBlocks/BlocksWindowDetailsExtension.cs' contains partial class of Unity.Object, exactly 1 of the partial classes needs to be in a file with the same filename. This is to know the one that can be referenced from ie. GameObjects
'Packages/com.meta.xr.sdk.core/Editor/BuildingBlocks/BlocksWindowCollectionsPageExtension.cs' contains partial class of Unity.Object, exactly 1 of the partial classes needs to be in a file with the same filename. This is to know the one that can be referenced from ie. GameObjects
Shader 'Meta/MRUK/Scene/HighlightsAndShadows': fallback shader 'Off' not found
Shader 'Oculus/OVRMRCameraFrameLit': fallback shader 'Alpha-Diffuse' not found
Refreshing native plugins compatible for Editor in 9.81 ms, found 16 plugins.
Preloading 2 native plugins for Editor in 0.11 ms.
Unloading 14 Unused Serialized files (Serialized files now loaded: 0)
Unloading 8770 unused Assets / (4.5 MB). Loaded Objects now: 9635.
Memory consumption went from 164.9 MB to 160.5 MB.
Total: 11.598100 ms (FindLiveObjects: 1.674900 ms CreateObjectMapping: 0.768500 ms MarkObjects: 7.199400 ms  DeleteObjects: 1.953600 ms)

Prepare: number of updated asset objects reloaded= 0
========================================================================
Received Prepare
Begin MonoManager ReloadAssembly
Symbol file LoadedFromMemory is not a mono symbol file
- Loaded All Assemblies, in  0.646 seconds
Script 'CharacterController' has the same name as built-in Unity component.
AddComponent and GetComponent will not work with this script.
'Packages/com.meta.xr.sdk.core/Editor/BuildingBlocks/BlocksWindow.cs' contains partial class of Unity.Object, exactly 1 of the partial classes needs to be in a file with the same filename. This is to know the one that can be referenced from ie. GameObjects
'Packages/com.meta.xr.sdk.core/Editor/BuildingBlocks/BlocksWindowDetailsExtension.cs' contains partial class of Unity.Object, exactly 1 of the partial classes needs to be in a file with the same filename. This is to know the one that can be referenced from ie. GameObjects
'Packages/com.meta.xr.sdk.core/Editor/BuildingBlocks/BlocksWindowCollectionsPageExtension.cs' contains partial class of Unity.Object, exactly 1 of the partial classes needs to be in a file with the same filename. This is to know the one that can be referenced from ie. GameObjects
Refreshing native plugins compatible for Editor in 7.52 ms, found 16 plugins.
Native extension for Android target not found
Native extension for WindowsStandalone target not found
[Package Manager] Failed to launch server process. Reason: Unity was launched with the -noUpm command-line argument
[Package Manager] Unable to send message (not connected to server process).
[Package Manager] Cannot connect to Unity Package Manager local server
[Package Manager] Failed to launch server process. Reason: Unity was launched with the -noUpm command-line argument
[Package Manager] Unable to send message (not connected to server process).
[Package Manager] Cannot connect to Unity Package Manager local server
Refreshing native plugins compatible for Editor in 8.27 ms, found 16 plugins.
[Package Manager] Failed to launch server process. Reason: Unity was launched with the -noUpm command-line argument
[Package Manager] Unable to send message (not connected to server process).
[Package Manager] Cannot connect to Unity Package Manager local server
Mono: successfully reloaded assembly
[Package Manager] Failed to launch server process. Reason: Unity was launched with the -noUpm command-line argument
[Package Manager] Unable to send message (not connected to server process).
[Package Manager] Cannot connect to Unity Package Manager local server
- Finished resetting the current domain, in  0.804 seconds
Domain Reload Profiling: 1449ms
	BeginReloadAssembly (173ms)
		ExecutionOrderSort (0ms)
		DisableScriptedObjects (4ms)
		BackupInstance (0ms)
		ReleaseScriptingObjects (0ms)
		CreateAndSetChildDomain (49ms)
	RebuildCommonClasses (27ms)
	RebuildNativeTypeToScriptingClass (10ms)
	initialDomainReloadingComplete (21ms)
	LoadAllAssembliesAndSetupDomain (414ms)
		LoadAssemblies (301ms)
		RebuildTransferFunctionScriptingTraits (0ms)
		AnalyzeDomain (183ms)
			TypeCache.Refresh (10ms)
				TypeCache.ScanAssembly (0ms)
			BuildScriptInfoCaches (157ms)
			ResolveRequiredComponents (13ms)
	FinalizeReload (805ms)
		ReleaseScriptCaches (0ms)
		RebuildScriptCaches (0ms)
		SetupLoadedEditorAssemblies (659ms)
			LogAssemblyErrors (0ms)
			InitializePlatformSupportModulesInManaged (8ms)
			SetLoadedEditorAssemblies (5ms)
			BeforeProcessingInitializeOnLoad (121ms)
			ProcessInitializeOnLoadAttributes (405ms)
			ProcessInitializeOnLoadMethodAttributes (116ms)
			AfterProcessingInitializeOnLoad (4ms)
			EditorAssembliesLoaded (0ms)
		ExecutionOrderSort2 (0ms)
		AwakeInstancesAfterBackupRestoration (10ms)
Shader 'Meta/MRUK/Scene/HighlightsAndShadows': fallback shader 'Off' not found
Shader 'Oculus/OVRMRCameraFrameLit': fallback shader 'Alpha-Diffuse' not found
Refreshing native plugins compatible for Editor in 9.05 ms, found 16 plugins.
Preloading 2 native plugins for Editor in 0.12 ms.
Unloading 23 Unused Serialized files (Serialized files now loaded: 0)
Unloading 8844 unused Assets / (4.1 MB). Loaded Objects now: 9662.
Memory consumption went from 173.8 MB to 169.7 MB.
Total: 8.880700 ms (FindLiveObjects: 0.760400 ms CreateObjectMapping: 0.399500 ms MarkObjects: 5.866800 ms  DeleteObjects: 1.852300 ms)

Prepare: number of updated asset objects reloaded= 0
========================================================================
Received Prepare
Begin MonoManager ReloadAssembly
Symbol file LoadedFromMemory is not a mono symbol file
- Loaded All Assemblies, in  0.638 seconds
Script 'CharacterController' has the same name as built-in Unity component.
AddComponent and GetComponent will not work with this script.
'Packages/com.meta.xr.sdk.core/Editor/BuildingBlocks/BlocksWindow.cs' contains partial class of Unity.Object, exactly 1 of the partial classes needs to be in a file with the same filename. This is to know the one that can be referenced from ie. GameObjects
'Packages/com.meta.xr.sdk.core/Editor/BuildingBlocks/BlocksWindowDetailsExtension.cs' contains partial class of Unity.Object, exactly 1 of the partial classes needs to be in a file with the same filename. This is to know the one that can be referenced from ie. GameObjects
'Packages/com.meta.xr.sdk.core/Editor/BuildingBlocks/BlocksWindowCollectionsPageExtension.cs' contains partial class of Unity.Object, exactly 1 of the partial classes needs to be in a file with the same filename. This is to know the one that can be referenced from ie. GameObjects
Refreshing native plugins compatible for Editor in 8.62 ms, found 16 plugins.
Native extension for Android target not found
Native extension for WindowsStandalone target not found
[Package Manager] Failed to launch server process. Reason: Unity was launched with the -noUpm command-line argument
[Package Manager] Unable to send message (not connected to server process).
[Package Manager] Cannot connect to Unity Package Manager local server
[Package Manager] Failed to launch server process. Reason: Unity was launched with the -noUpm command-line argument
[Package Manager] Unable to send message (not connected to server process).
[Package Manager] Cannot connect to Unity Package Manager local server
Refreshing native plugins compatible for Editor in 8.14 ms, found 16 plugins.
[Package Manager] Failed to launch server process. Reason: Unity was launched with the -noUpm command-line argument
[Package Manager] Unable to send message (not connected to server process).
[Package Manager] Cannot connect to Unity Package Manager local server
Mono: successfully reloaded assembly
[Package Manager] Failed to launch server process. Reason: Unity was launched with the -noUpm command-line argument
[Package Manager] Unable to send message (not connected to server process).
[Package Manager] Cannot connect to Unity Package Manager local server
- Finished resetting the current domain, in  0.759 seconds
Domain Reload Profiling: 1395ms
	BeginReloadAssembly (164ms)
		ExecutionOrderSort (0ms)
		DisableScriptedObjects (6ms)
		BackupInstance (0ms)
		ReleaseScriptingObjects (0ms)
		CreateAndSetChildDomain (43ms)
	RebuildCommonClasses (25ms)
	RebuildNativeTypeToScriptingClass (9ms)
	initialDomainReloadingComplete (19ms)
	LoadAllAssembliesAndSetupDomain (419ms)
		LoadAssemblies (299ms)
		RebuildTransferFunctionScriptingTraits (0ms)
		AnalyzeDomain (187ms)
			TypeCache.Refresh (7ms)
				TypeCache.ScanAssembly (0ms)
			BuildScriptInfoCaches (163ms)
			ResolveRequiredComponents (13ms)
	FinalizeReload (759ms)
		ReleaseScriptCaches (0ms)
		RebuildScriptCaches (0ms)
		SetupLoadedEditorAssemblies (625ms)
			LogAssemblyErrors (0ms)
			InitializePlatformSupportModulesInManaged (8ms)
			SetLoadedEditorAssemblies (4ms)
			BeforeProcessingInitializeOnLoad (112ms)
			ProcessInitializeOnLoadAttributes (384ms)
			ProcessInitializeOnLoadMethodAttributes (113ms)
			AfterProcessingInitializeOnLoad (5ms)
			EditorAssembliesLoaded (0ms)
		ExecutionOrderSort2 (0ms)
		AwakeInstancesAfterBackupRestoration (10ms)
Shader 'Meta/MRUK/Scene/HighlightsAndShadows': fallback shader 'Off' not found
Shader 'Oculus/OVRMRCameraFrameLit': fallback shader 'Alpha-Diffuse' not found
Refreshing native plugins compatible for Editor in 9.10 ms, found 16 plugins.
Preloading 2 native plugins for Editor in 0.14 ms.
Unloading 14 Unused Serialized files (Serialized files now loaded: 0)
Unloading 8844 unused Assets / (5.0 MB). Loaded Objects now: 9665.
Memory consumption went from 172.2 MB to 167.2 MB.
Total: 8.292400 ms (FindLiveObjects: 0.538800 ms CreateObjectMapping: 0.377100 ms MarkObjects: 5.310500 ms  DeleteObjects: 2.064900 ms)

Prepare: number of updated asset objects reloaded= 0
========================================================================
Received Import Request.
  Time since last request: 8151.208300 seconds.
  path: Assets/ColideKey.cs
  artifactKey: Guid(6078ccf28ddcd1440a7f2f363f77bccf) Importer(815301076,1909f56bfc062723c751e8b465ee728b)
Start importing Assets/ColideKey.cs using Guid(6078ccf28ddcd1440a7f2f363f77bccf) Importer(815301076,1909f56bfc062723c751e8b465ee728b) (PreviewImporter) -> (artifact id: 'ac2233de07e27c59e26a91b1c0f082f8') in 0.0238049 seconds
Number of updated asset objects reloaded before import = 0Number of asset objects unloaded after import = 0

========================================================================
Received Prepare
Script 'CharacterController' has the same name as built-in Unity component.
AddComponent and GetComponent will not work with this script.
'Packages/com.meta.xr.sdk.core/Editor/BuildingBlocks/BlocksWindow.cs' contains partial class of Unity.Object, exactly 1 of the partial classes needs to be in a file with the same filename. This is to know the one that can be referenced from ie. GameObjects
'Packages/com.meta.xr.sdk.core/Editor/BuildingBlocks/BlocksWindowDetailsExtension.cs' contains partial class of Unity.Object, exactly 1 of the partial classes needs to be in a file with the same filename. This is to know the one that can be referenced from ie. GameObjects
'Packages/com.meta.xr.sdk.core/Editor/BuildingBlocks/BlocksWindowCollectionsPageExtension.cs' contains partial class of Unity.Object, exactly 1 of the partial classes needs to be in a file with the same filename. This is to know the one that can be referenced from ie. GameObjects
Shader 'Meta/MRUK/Scene/HighlightsAndShadows': fallback shader 'Off' not found
Shader 'Oculus/OVRMRCameraFrameLit': fallback shader 'Alpha-Diffuse' not found
Refreshing native plugins compatible for Editor in 13.14 ms, found 16 plugins.
Preloading 2 native plugins for Editor in 0.17 ms.
Unloading 14 Unused Serialized files (Serialized files now loaded: 0)
Unloading 8770 unused Assets / (5.1 MB). Loaded Objects now: 9655.
Memory consumption went from 172.4 MB to 167.3 MB.
Total: 13.373600 ms (FindLiveObjects: 0.784600 ms CreateObjectMapping: 0.739100 ms MarkObjects: 8.841300 ms  DeleteObjects: 3.007100 ms)

Prepare: number of updated asset objects reloaded= 0
========================================================================
Received Import Request.
  Time since last request: 72.143620 seconds.
  path: Assets/ColideKey.cs
  artifactKey: Guid(6078ccf28ddcd1440a7f2f363f77bccf) Importer(815301076,1909f56bfc062723c751e8b465ee728b)
Start importing Assets/ColideKey.cs using Guid(6078ccf28ddcd1440a7f2f363f77bccf) Importer(815301076,1909f56bfc062723c751e8b465ee728b) (PreviewImporter) -> (artifact id: '6b9cb5fafde74c682f027e678ccc5283') in 0.0157831 seconds
Number of updated asset objects reloaded before import = 0Number of asset objects unloaded after import = 0

========================================================================
Received Prepare
Begin MonoManager ReloadAssembly
Symbol file LoadedFromMemory is not a mono symbol file
- Loaded All Assemblies, in  0.670 seconds
Script 'CharacterController' has the same name as built-in Unity component.
AddComponent and GetComponent will not work with this script.
'Packages/com.meta.xr.sdk.core/Editor/BuildingBlocks/BlocksWindow.cs' contains partial class of Unity.Object, exactly 1 of the partial classes needs to be in a file with the same filename. This is to know the one that can be referenced from ie. GameObjects
'Packages/com.meta.xr.sdk.core/Editor/BuildingBlocks/BlocksWindowDetailsExtension.cs' contains partial class of Unity.Object, exactly 1 of the partial classes needs to be in a file with the same filename. This is to know the one that can be referenced from ie. GameObjects
'Packages/com.meta.xr.sdk.core/Editor/BuildingBlocks/BlocksWindowCollectionsPageExtension.cs' contains partial class of Unity.Object, exactly 1 of the partial classes needs to be in a file with the same filename. This is to know the one that can be referenced from ie. GameObjects
Refreshing native plugins compatible for Editor in 8.75 ms, found 16 plugins.
Native extension for Android target not found
Native extension for WindowsStandalone target not found
[Package Manager] Failed to launch server process. Reason: Unity was launched with the -noUpm command-line argument
[Package Manager] Unable to send message (not connected to server process).
[Package Manager] Cannot connect to Unity Package Manager local server
[Package Manager] Failed to launch server process. Reason: Unity was launched with the -noUpm command-line argument
[Package Manager] Unable to send message (not connected to server process).
[Package Manager] Cannot connect to Unity Package Manager local server
Refreshing native plugins compatible for Editor in 8.40 ms, found 16 plugins.
[Package Manager] Failed to launch server process. Reason: Unity was launched with the -noUpm command-line argument
[Package Manager] Unable to send message (not connected to server process).
[Package Manager] Cannot connect to Unity Package Manager local server
Mono: successfully reloaded assembly
[Package Manager] Failed to launch server process. Reason: Unity was launched with the -noUpm command-line argument
[Package Manager] Unable to send message (not connected to server process).
[Package Manager] Cannot connect to Unity Package Manager local server
- Finished resetting the current domain, in  0.822 seconds
Domain Reload Profiling: 1489ms
	BeginReloadAssembly (177ms)
		ExecutionOrderSort (0ms)
		DisableScriptedObjects (4ms)
		BackupInstance (0ms)
		ReleaseScriptingObjects (0ms)
		CreateAndSetChildDomain (53ms)
	RebuildCommonClasses (27ms)
	RebuildNativeTypeToScriptingClass (10ms)
	initialDomainReloadingComplete (20ms)
	LoadAllAssembliesAndSetupDomain (434ms)
		LoadAssemblies (314ms)
		RebuildTransferFunctionScriptingTraits (0ms)
		AnalyzeDomain (190ms)
			TypeCache.Refresh (10ms)
				TypeCache.ScanAssembly (0ms)
			BuildScriptInfoCaches (164ms)
			ResolveRequiredComponents (14ms)
	FinalizeReload (822ms)
		ReleaseScriptCaches (0ms)
		RebuildScriptCaches (0ms)
		SetupLoadedEditorAssemblies (676ms)
			LogAssemblyErrors (0ms)
			InitializePlatformSupportModulesInManaged (9ms)
			SetLoadedEditorAssemblies (5ms)
			BeforeProcessingInitializeOnLoad (129ms)
			ProcessInitializeOnLoadAttributes (399ms)
			ProcessInitializeOnLoadMethodAttributes (126ms)
			AfterProcessingInitializeOnLoad (7ms)
			EditorAssembliesLoaded (0ms)
		ExecutionOrderSort2 (0ms)
		AwakeInstancesAfterBackupRestoration (12ms)
Shader 'Meta/MRUK/Scene/HighlightsAndShadows': fallback shader 'Off' not found
Shader 'Oculus/OVRMRCameraFrameLit': fallback shader 'Alpha-Diffuse' not found
Refreshing native plugins compatible for Editor in 9.70 ms, found 16 plugins.
Preloading 2 native plugins for Editor in 0.10 ms.
Unloading 14 Unused Serialized files (Serialized files now loaded: 0)
Unloading 8844 unused Assets / (4.5 MB). Loaded Objects now: 9670.
Memory consumption went from 172.8 MB to 168.4 MB.
Total: 10.891300 ms (FindLiveObjects: 0.745400 ms CreateObjectMapping: 0.665200 ms MarkObjects: 7.418200 ms  DeleteObjects: 2.021900 ms)

Prepare: number of updated asset objects reloaded= 0
========================================================================
Received Prepare
Begin MonoManager ReloadAssembly
Symbol file LoadedFromMemory is not a mono symbol file
- Loaded All Assemblies, in  0.634 seconds
Script 'CharacterController' has the same name as built-in Unity component.
AddComponent and GetComponent will not work with this script.
'Packages/com.meta.xr.sdk.core/Editor/BuildingBlocks/BlocksWindow.cs' contains partial class of Unity.Object, exactly 1 of the partial classes needs to be in a file with the same filename. This is to know the one that can be referenced from ie. GameObjects
'Packages/com.meta.xr.sdk.core/Editor/BuildingBlocks/BlocksWindowDetailsExtension.cs' contains partial class of Unity.Object, exactly 1 of the partial classes needs to be in a file with the same filename. This is to know the one that can be referenced from ie. GameObjects
'Packages/com.meta.xr.sdk.core/Editor/BuildingBlocks/BlocksWindowCollectionsPageExtension.cs' contains partial class of Unity.Object, exactly 1 of the partial classes needs to be in a file with the same filename. This is to know the one that can be referenced from ie. GameObjects
Refreshing native plugins compatible for Editor in 8.32 ms, found 16 plugins.
Native extension for Android target not found
Native extension for WindowsStandalone target not found
[Package Manager] Failed to launch server process. Reason: Unity was launched with the -noUpm command-line argument
[Package Manager] Unable to send message (not connected to server process).
[Package Manager] Cannot connect to Unity Package Manager local server
[Package Manager] Failed to launch server process. Reason: Unity was launched with the -noUpm command-line argument
[Package Manager] Unable to send message (not connected to server process).
[Package Manager] Cannot connect to Unity Package Manager local server
Refreshing native plugins compatible for Editor in 7.18 ms, found 16 plugins.
[Package Manager] Failed to launch server process. Reason: Unity was launched with the -noUpm command-line argument
[Package Manager] Unable to send message (not connected to server process).
[Package Manager] Cannot connect to Unity Package Manager local server
Mono: successfully reloaded assembly
[Package Manager] Failed to launch server process. Reason: Unity was launched with the -noUpm command-line argument
[Package Manager] Unable to send message (not connected to server process).
[Package Manager] Cannot connect to Unity Package Manager local server
- Finished resetting the current domain, in  0.750 seconds
Domain Reload Profiling: 1383ms
	BeginReloadAssembly (161ms)
		ExecutionOrderSort (0ms)
		DisableScriptedObjects (5ms)
		BackupInstance (0ms)
		ReleaseScriptingObjects (0ms)
		CreateAndSetChildDomain (42ms)
	RebuildCommonClasses (25ms)
	RebuildNativeTypeToScriptingClass (9ms)
	initialDomainReloadingComplete (20ms)
	LoadAllAssembliesAndSetupDomain (417ms)
		LoadAssemblies (299ms)
		RebuildTransferFunctionScriptingTraits (0ms)
		AnalyzeDomain (183ms)
			TypeCache.Refresh (7ms)
				TypeCache.ScanAssembly (0ms)
			BuildScriptInfoCaches (159ms)
			ResolveRequiredComponents (14ms)
	FinalizeReload (750ms)
		ReleaseScriptCaches (0ms)
		RebuildScriptCaches (0ms)
		SetupLoadedEditorAssemblies (612ms)
			LogAssemblyErrors (0ms)
			InitializePlatformSupportModulesInManaged (7ms)
			SetLoadedEditorAssemblies (3ms)
			BeforeProcessingInitializeOnLoad (114ms)
			ProcessInitializeOnLoadAttributes (377ms)
			ProcessInitializeOnLoadMethodAttributes (107ms)
			AfterProcessingInitializeOnLoad (3ms)
			EditorAssembliesLoaded (0ms)
		ExecutionOrderSort2 (0ms)
		AwakeInstancesAfterBackupRestoration (13ms)
Shader 'Meta/MRUK/Scene/HighlightsAndShadows': fallback shader 'Off' not found
Shader 'Oculus/OVRMRCameraFrameLit': fallback shader 'Alpha-Diffuse' not found
Refreshing native plugins compatible for Editor in 7.72 ms, found 16 plugins.
Preloading 2 native plugins for Editor in 0.10 ms.
Unloading 14 Unused Serialized files (Serialized files now loaded: 0)
Unloading 8844 unused Assets / (4.6 MB). Loaded Objects now: 9673.
Memory consumption went from 172.9 MB to 168.3 MB.
Total: 8.141400 ms (FindLiveObjects: 0.528500 ms CreateObjectMapping: 0.375300 ms MarkObjects: 5.271900 ms  DeleteObjects: 1.964800 ms)

Prepare: number of updated asset objects reloaded= 0
========================================================================
Received Import Request.
  Time since last request: 507.121502 seconds.
  path: SceneTemplates/InMemory/bd78319fec34411a809b2a26381211dc/Untitled/kiosk-plastic.mat
  artifactKey: Guid(90529630ff8a02d46b9a49924d83e40e) Importer(815301076,1909f56bfc062723c751e8b465ee728b)
Start importing SceneTemplates/InMemory/bd78319fec34411a809b2a26381211dc/Untitled/kiosk-plastic.mat using Guid(90529630ff8a02d46b9a49924d83e40e) Importer(815301076,1909f56bfc062723c751e8b465ee728b) (PreviewImporter) -> (artifact id: '454af1d111016be2eae1d300e3b8b617') in 0.4695372 seconds
Number of updated asset objects reloaded before import = 0Number of asset objects unloaded after import = 2

========================================================================
Received Import Request.
  Time since last request: 0.000048 seconds.
  path: SceneTemplates/InMemory/bd78319fec34411a809b2a26381211dc/Untitled/LocomotionControllerInteractorGroup.prefab
  artifactKey: Guid(311befc37bc515941bf79811457a1c84) Importer(815301076,1909f56bfc062723c751e8b465ee728b)
Start importing SceneTemplates/InMemory/bd78319fec34411a809b2a26381211dc/Untitled/LocomotionControllerInteractorGroup.prefab using Guid(311befc37bc515941bf79811457a1c84) Importer(815301076,1909f56bfc062723c751e8b465ee728b) (PreviewImporter) -> (artifact id: '8792261a9634c1a163beb311889c66da') in 0.0350201 seconds
Number of updated asset objects reloaded before import = 0Number of asset objects unloaded after import = 188

========================================================================
Received Import Request.
  Time since last request: 0.000034 seconds.
  path: SceneTemplates/InMemory/bd78319fec34411a809b2a26381211dc/Untitled/metal_warehouse_1_AlbedoTransparency.tga
  artifactKey: Guid(8c49d6a6658d722408223e6b10947ce4) Importer(815301076,1909f56bfc062723c751e8b465ee728b)
Start importing SceneTemplates/InMemory/bd78319fec34411a809b2a26381211dc/Untitled/metal_warehouse_1_AlbedoTransparency.tga using Guid(8c49d6a6658d722408223e6b10947ce4) Importer(815301076,1909f56bfc062723c751e8b465ee728b) (PreviewImporter) -> (artifact id: 'fc8cfc5184e37ee2df8df53a8722e086') in 0.0132774 seconds
Number of updated asset objects reloaded before import = 0Number of asset objects unloaded after import = 2

========================================================================
Received Import Request.
  Time since last request: 0.000031 seconds.
  path: SceneTemplates/InMemory/bd78319fec34411a809b2a26381211dc/Untitled/MetaQuestProLeft_Material.mat
  artifactKey: Guid(abf9ca9047f22a447bb7f4979a40731a) Importer(815301076,1909f56bfc062723c751e8b465ee728b)
Start importing SceneTemplates/InMemory/bd78319fec34411a809b2a26381211dc/Untitled/MetaQuestProLeft_Material.mat using Guid(abf9ca9047f22a447bb7f4979a40731a) Importer(815301076,1909f56bfc062723c751e8b465ee728b) (PreviewImporter) -> (artifact id: '7e62d37cac93884feaac8c70099f3b15') in 0.0222946 seconds
Number of updated asset objects reloaded before import = 0Number of asset objects unloaded after import = 3

========================================================================
Received Import Request.
  Time since last request: 0.000027 seconds.
  path: SceneTemplates/InMemory/bd78319fec34411a809b2a26381211dc/Untitled/MetaQuestTouchPlusMATphong_right.mat
  artifactKey: Guid(fcf2b78d161e1da4fa311381f06b1ea7) Importer(815301076,1909f56bfc062723c751e8b465ee728b)
Start importing SceneTemplates/InMemory/bd78319fec34411a809b2a26381211dc/Untitled/MetaQuestTouchPlusMATphong_right.mat using Guid(fcf2b78d161e1da4fa311381f06b1ea7) Importer(815301076,1909f56bfc062723c751e8b465ee728b) (PreviewImporter) -> (artifact id: 'dc9103ba21f07db39468eff95f92294b') in 2.0149925 seconds
Number of updated asset objects reloaded before import = 0Number of asset objects unloaded after import = 4

========================================================================
Received Import Request.
  Time since last request: 0.000052 seconds.
  path: SceneTemplates/InMemory/bd78319fec34411a809b2a26381211dc/Untitled/MetaQuestTouchPlus_Normals.png
  artifactKey: Guid(e3fab28397017204eabc59fb0b967407) Importer(815301076,1909f56bfc062723c751e8b465ee728b)
Start importing SceneTemplates/InMemory/bd78319fec34411a809b2a26381211dc/Untitled/MetaQuestTouchPlus_Normals.png using Guid(e3fab28397017204eabc59fb0b967407) Importer(815301076,1909f56bfc062723c751e8b465ee728b) (PreviewImporter) -> (artifact id: '8f1029c48e3427b074cd726c981b52a6') in 0.0146017 seconds
Number of updated asset objects reloaded before import = 0Number of asset objects unloaded after import = 2

========================================================================
Received Import Request.
  Time since last request: 0.000039 seconds.
  path: SceneTemplates/InMemory/bd78319fec34411a809b2a26381211dc/Untitled/left_touch_controller_model_skel.fbx
  artifactKey: Guid(8d87b9173fdd8844eb2b2b966ce59c47) Importer(815301076,1909f56bfc062723c751e8b465ee728b)
Start importing SceneTemplates/InMemory/bd78319fec34411a809b2a26381211dc/Untitled/left_touch_controller_model_skel.fbx using Guid(8d87b9173fdd8844eb2b2b966ce59c47) Importer(815301076,1909f56bfc062723c751e8b465ee728b) (PreviewImporter) -> (artifact id: '1e23887122add1b5b08f345458f86ee7') in 2.1871725 seconds
Number of updated asset objects reloaded before import = 0Number of asset objects unloaded after import = 48

========================================================================
Received Import Request.
  Time since last request: 3.869685 seconds.
  path: SceneTemplates/InMemory/bd78319fec34411a809b2a26381211dc/Untitled/HotspotMaterial.mat
  artifactKey: Guid(21c3d4bc9f62c6342a96e38997ddc221) Importer(815301076,1909f56bfc062723c751e8b465ee728b)
Start importing SceneTemplates/InMemory/bd78319fec34411a809b2a26381211dc/Untitled/HotspotMaterial.mat using Guid(21c3d4bc9f62c6342a96e38997ddc221) Importer(815301076,1909f56bfc062723c751e8b465ee728b) (PreviewImporter) -> (artifact id: '6c4413721522d8c8b7060ac2760bb2fd') in 0.0079431 seconds
Number of updated asset objects reloaded before import = 0Number of asset objects unloaded after import = 2

========================================================================
Received Import Request.
  Time since last request: 0.000018 seconds.
  path: SceneTemplates/InMemory/bd78319fec34411a809b2a26381211dc/Untitled/kiosk-advertising.mat
  artifactKey: Guid(5355f664da7112e44aa89c0966ab15b3) Importer(815301076,1909f56bfc062723c751e8b465ee728b)
Start importing SceneTemplates/InMemory/bd78319fec34411a809b2a26381211dc/Untitled/kiosk-advertising.mat using Guid(5355f664da7112e44aa89c0966ab15b3) Importer(815301076,1909f56bfc062723c751e8b465ee728b) (PreviewImporter) -> (artifact id: '372b4f0260b066f10ed1e59119ca3a4f') in 0.0114247 seconds
Number of updated asset objects reloaded before import = 0Number of asset objects unloaded after import = 2

========================================================================
Received Import Request.
  Time since last request: 0.000045 seconds.
  path: SceneTemplates/InMemory/bd78319fec34411a809b2a26381211dc/Untitled/HandGrabInteractor.prefab
  artifactKey: Guid(33344ad0f0ffe5944a68033bbec942d8) Importer(815301076,1909f56bfc062723c751e8b465ee728b)
Start importing SceneTemplates/InMemory/bd78319fec34411a809b2a26381211dc/Untitled/HandGrabInteractor.prefab using Guid(33344ad0f0ffe5944a68033bbec942d8) Importer(815301076,1909f56bfc062723c751e8b465ee728b) (PreviewImporter) -> (artifact id: '4c1f39ffac6a9d2341cf3e34020a1fc8') in 0.0082716 seconds
Number of updated asset objects reloaded before import = 0Number of asset objects unloaded after import = 43

========================================================================
Received Import Request.
  Time since last request: 0.000031 seconds.
  path: SceneTemplates/InMemory/bd78319fec34411a809b2a26381211dc/Untitled/DWP_Table_01.fbx
  artifactKey: Guid(b7ab5edd008c6ba49822c9817384b364) Importer(815301076,1909f56bfc062723c751e8b465ee728b)
Start importing SceneTemplates/InMemory/bd78319fec34411a809b2a26381211dc/Untitled/DWP_Table_01.fbx using Guid(b7ab5edd008c6ba49822c9817384b364) Importer(815301076,1909f56bfc062723c751e8b465ee728b) (PreviewImporter) -> (artifact id: '16665687b3af8df4b2e6b82696eee9a6') in 0.0104394 seconds
Number of updated asset objects reloaded before import = 0Number of asset objects unloaded after import = 7

========================================================================
Received Import Request.
  Time since last request: 0.000023 seconds.
  path: SceneTemplates/InMemory/bd78319fec34411a809b2a26381211dc/Untitled/controller_r_lo_BaseColor.png
  artifactKey: Guid(75a2020b70f57d040affca5faaf280aa) Importer(815301076,1909f56bfc062723c751e8b465ee728b)
Start importing SceneTemplates/InMemory/bd78319fec34411a809b2a26381211dc/Untitled/controller_r_lo_BaseColor.png using Guid(75a2020b70f57d040affca5faaf280aa) Importer(815301076,1909f56bfc062723c751e8b465ee728b) (PreviewImporter) -> (artifact id: 'fa9c9f70c33d1f773339b94b2520a438') in 0.0088771 seconds
Number of updated asset objects reloaded before import = 0Number of asset objects unloaded after import = 2

========================================================================
Received Import Request.
  Time since last request: 0.000022 seconds.
  path: SceneTemplates/InMemory/bd78319fec34411a809b2a26381211dc/Untitled/batteryIndicatorTexture32.png
  artifactKey: Guid(5467a7065c9d73f48bc38761ef74642a) Importer(815301076,1909f56bfc062723c751e8b465ee728b)
Start importing SceneTemplates/InMemory/bd78319fec34411a809b2a26381211dc/Untitled/batteryIndicatorTexture32.png using Guid(5467a7065c9d73f48bc38761ef74642a) Importer(815301076,1909f56bfc062723c751e8b465ee728b) (PreviewImporter) -> (artifact id: '3ddeca78ade604c34ef51a8bb29f0c65') in 0.0059075 seconds
Number of updated asset objects reloaded before import = 0Number of asset objects unloaded after import = 2

========================================================================
Received Import Request.
  Time since last request: 0.000022 seconds.
  path: SceneTemplates/InMemory/bd78319fec34411a809b2a26381211dc/Untitled/ArcVisual.prefab
  artifactKey: Guid(bd83e76cfdfbe594e8a5fc61309cb67f) Importer(815301076,1909f56bfc062723c751e8b465ee728b)
Start importing SceneTemplates/InMemory/bd78319fec34411a809b2a26381211dc/Untitled/ArcVisual.prefab using Guid(bd83e76cfdfbe594e8a5fc61309cb67f) Importer(815301076,1909f56bfc062723c751e8b465ee728b) (PreviewImporter) -> (artifact id: 'a2ee0065c374c863c571a5cc21d2459f') in 0.0083913 seconds
Number of updated asset objects reloaded before import = 0Number of asset objects unloaded after import = 22

========================================================================
Received Import Request.
  Time since last request: 0.000023 seconds.
  path: SceneTemplates/InMemory/bd78319fec34411a809b2a26381211dc/Untitled/HandSphereMap.prefab
  artifactKey: Guid(99973685b7ccdee478f41c3941a1bc80) Importer(815301076,1909f56bfc062723c751e8b465ee728b)
Start importing SceneTemplates/InMemory/bd78319fec34411a809b2a26381211dc/Untitled/HandSphereMap.prefab using Guid(99973685b7ccdee478f41c3941a1bc80) Importer(815301076,1909f56bfc062723c751e8b465ee728b) (PreviewImporter) -> (artifact id: 'cd8be56b72d487298d9facdb3ad90ce6') in 0.0278267 seconds
Number of updated asset objects reloaded before import = 0Number of asset objects unloaded after import = 580

========================================================================
Received Import Request.
  Time since last request: 0.000033 seconds.
  path: SceneTemplates/InMemory/bd78319fec34411a809b2a26381211dc/Untitled/Base color.png
  artifactKey: Guid(e83f6d64d77a6ca4db4d0b27c5a0dc75) Importer(815301076,1909f56bfc062723c751e8b465ee728b)
Start importing SceneTemplates/InMemory/bd78319fec34411a809b2a26381211dc/Untitled/Base color.png using Guid(e83f6d64d77a6ca4db4d0b27c5a0dc75) Importer(815301076,1909f56bfc062723c751e8b465ee728b) (PreviewImporter) -> (artifact id: '561d4c1af77b6227a9acb80abe245645') in 0.0084871 seconds
Number of updated asset objects reloaded before import = 0Number of asset objects unloaded after import = 2

========================================================================
Received Import Request.
  Time since last request: 0.000032 seconds.
  path: SceneTemplates/InMemory/bd78319fec34411a809b2a26381211dc/Untitled/HandGrabUseInteractor.prefab
  artifactKey: Guid(c0801c852fc6e8743a807b39dd60bf46) Importer(815301076,1909f56bfc062723c751e8b465ee728b)
Start importing SceneTemplates/InMemory/bd78319fec34411a809b2a26381211dc/Untitled/HandGrabUseInteractor.prefab using Guid(c0801c852fc6e8743a807b39dd60bf46) Importer(815301076,1909f56bfc062723c751e8b465ee728b) (PreviewImporter) -> (artifact id: '3ec5fe46fb325114b930705c0535ebf4') in 0.0032456 seconds
Number of updated asset objects reloaded before import = 0Number of asset objects unloaded after import = 13

========================================================================
Received Import Request.
  Time since last request: 0.000021 seconds.
  path: SceneTemplates/InMemory/bd78319fec34411a809b2a26381211dc/Untitled/BaseInteractors.prefab
  artifactKey: Guid(5a47f1ba603124747b234cc93b9d0535) Importer(815301076,1909f56bfc062723c751e8b465ee728b)
Start importing SceneTemplates/InMemory/bd78319fec34411a809b2a26381211dc/Untitled/BaseInteractors.prefab using Guid(5a47f1ba603124747b234cc93b9d0535) Importer(815301076,1909f56bfc062723c751e8b465ee728b) (PreviewImporter) -> (artifact id: '5693cef37261ca76a61c98cc6a272735') in 0.0860093 seconds
Number of updated asset objects reloaded before import = 0Number of asset objects unloaded after import = 2996

========================================================================
Received Import Request.
  Time since last request: 0.000028 seconds.
  path: SceneTemplates/InMemory/bd78319fec34411a809b2a26381211dc/Untitled/controller_r_lo_Normal.png
  artifactKey: Guid(0a0fc6edb3ff4f54888731443b69c89a) Importer(815301076,1909f56bfc062723c751e8b465ee728b)
Start importing SceneTemplates/InMemory/bd78319fec34411a809b2a26381211dc/Untitled/controller_r_lo_Normal.png using Guid(0a0fc6edb3ff4f54888731443b69c89a) Importer(815301076,1909f56bfc062723c751e8b465ee728b) (PreviewImporter) -> (artifact id: '9b096d9aeaf6664181d1b4656c264056') in 0.008788 seconds
Number of updated asset objects reloaded before import = 0Number of asset objects unloaded after import = 2

========================================================================
Received Import Request.
  Time since last request: 0.000029 seconds.
  path: SceneTemplates/InMemory/bd78319fec34411a809b2a26381211dc/Untitled/ControllerGrabInteractor.prefab
  artifactKey: Guid(c8866af38a7dddd4dad330df7a9b29fe) Importer(815301076,1909f56bfc062723c751e8b465ee728b)
Start importing SceneTemplates/InMemory/bd78319fec34411a809b2a26381211dc/Untitled/ControllerGrabInteractor.prefab using Guid(c8866af38a7dddd4dad330df7a9b29fe) Importer(815301076,1909f56bfc062723c751e8b465ee728b) (PreviewImporter) -> (artifact id: 'd09ea19799326356b139eb3898aa9a05') in 0.002575 seconds
Number of updated asset objects reloaded before import = 0Number of asset objects unloaded after import = 24

========================================================================
Received Import Request.
  Time since last request: 0.000026 seconds.
  path: SceneTemplates/InMemory/bd78319fec34411a809b2a26381211dc/Untitled/ControllerDistanceGrabInteractor.prefab
  artifactKey: Guid(2e1564f2c937f9640a486a06ab96fcbd) Importer(815301076,1909f56bfc062723c751e8b465ee728b)
Start importing SceneTemplates/InMemory/bd78319fec34411a809b2a26381211dc/Untitled/ControllerDistanceGrabInteractor.prefab using Guid(2e1564f2c937f9640a486a06ab96fcbd) Importer(815301076,1909f56bfc062723c751e8b465ee728b) (PreviewImporter) -> (artifact id: 'bd91d70bfaf571c60c7d6c50ef2ad242') in 0.0018302 seconds
Number of updated asset objects reloaded before import = 0Number of asset objects unloaded after import = 17

========================================================================
Received Import Request.
  Time since last request: 0.000018 seconds.
  path: SceneTemplates/InMemory/bd78319fec34411a809b2a26381211dc/Untitled/DWP_Table_01_AlbedoTransparency_URP_METALLIC.png
  artifactKey: Guid(aa77bac6372b15c4b9746abc2f582578) Importer(815301076,1909f56bfc062723c751e8b465ee728b)
Start importing SceneTemplates/InMemory/bd78319fec34411a809b2a26381211dc/Untitled/DWP_Table_01_AlbedoTransparency_URP_METALLIC.png using Guid(aa77bac6372b15c4b9746abc2f582578) Importer(815301076,1909f56bfc062723c751e8b465ee728b) (PreviewImporter) -> (artifact id: '1d7b0be0b5200265c2a43ec6b87246f0') in 0.0091374 seconds
Number of updated asset objects reloaded before import = 0Number of asset objects unloaded after import = 2

Editor requested this worker to shutdown with reason: Scaling down because of idle timeout
AssetImportWorkerClient::OnTransportError - code=2 error=End of file
AssetImportWorker is now disconnected from the server
Process exiting
Exiting without the bug reporter. Application will terminate with return code 0