Using pre-set license
Built from '6000.1/staging' branch; Version is '6000.1.11f1 (9b156bbbd4df) revision 10163563'; Using compiler version '194234433'; Build Type 'Release'
OS: 'Windows 11  (10.0.26100) 64bit Core' Language: 'ja' Physical Memory: 16124 MB
BatchMode: 1, IsHumanControllingUs: 0, StartBugReporterOnCrash: 0, Is64bit: 1, IsPro: 1
Date: 2025-07-31T04:47:30Z

COMMAND LINE ARGUMENTS:
C:\Program Files\Unity\Hub\Editor\6000.1.11f1\Editor\Unity.exe
-adb2
-batchMode
-noUpm
-name
AssetImportWorker0
-projectPath
C:/Users/exp4_g2/Desktop/2025/music station
-logFile
Logs/AssetImportWorker0.log
-srvPort
52646
-job-worker-count
7
-background-job-worker-count
8
-gc-helper-count
1
-name
AssetImport
Successfully changed project path to: C:/Users/exp4_g2/Desktop/2025/music station
C:/Users/exp4_g2/Desktop/2025/music station
[UnityMemory] Configuration Parameters - Can be set up in boot.config
    "memorysetup-allocator-temp-initial-block-size-main=262144"
    "memorysetup-allocator-temp-initial-block-size-worker=262144"
    "memorysetup-bucket-allocator-granularity=16"
    "memorysetup-bucket-allocator-bucket-count=8"
    "memorysetup-bucket-allocator-block-size=33554432"
    "memorysetup-bucket-allocator-block-count=8"
    "memorysetup-main-allocator-block-size=16777216"
    "memorysetup-thread-allocator-block-size=16777216"
    "memorysetup-gfx-main-allocator-block-size=16777216"
    "memorysetup-gfx-thread-allocator-block-size=16777216"
    "memorysetup-cache-allocator-block-size=4194304"
    "memorysetup-typetree-allocator-block-size=2097152"
    "memorysetup-profiler-bucket-allocator-granularity=16"
    "memorysetup-profiler-bucket-allocator-bucket-count=8"
    "memorysetup-profiler-bucket-allocator-block-size=33554432"
    "memorysetup-profiler-bucket-allocator-block-count=8"
    "memorysetup-profiler-allocator-block-size=16777216"
    "memorysetup-profiler-editor-allocator-block-size=1048576"
    "memorysetup-temp-allocator-size-main=16777216"
    "memorysetup-job-temp-allocator-block-size=2097152"
    "memorysetup-job-temp-allocator-block-size-background=1048576"
    "memorysetup-job-temp-allocator-reduction-small-platforms=262144"
    "memorysetup-temp-allocator-size-background-worker=32768"
    "memorysetup-temp-allocator-size-job-worker=262144"
    "memorysetup-temp-allocator-size-preload-manager=33554432"
    "memorysetup-temp-allocator-size-nav-mesh-worker=65536"
    "memorysetup-temp-allocator-size-audio-worker=65536"
    "memorysetup-temp-allocator-size-cloud-worker=32768"
    "memorysetup-temp-allocator-size-gi-baking-worker=262144"
    "memorysetup-temp-allocator-size-gi-baking-worker=262144"
    "memorysetup-temp-allocator-size-gi-baking-worker=262144"
    "memorysetup-temp-allocator-size-gi-baking-worker=262144"
    "memorysetup-temp-allocator-size-gi-baking-worker=262144"
    "memorysetup-temp-allocator-size-gfx=262144"
Player connection [18784]  Target information:

Player connection [18784]  * "[IP] 172.25.51.248 [Port] 0 [Flags] 2 [Guid] 243833073 [EditorId] 243833073 [Version] 1048832 [Id] WindowsEditor(7,DESKTOP-HURLPC7) [Debug] 1 [PackageName] WindowsEditor [ProjectName] Editor" 

Player connection [18784] Host joined multi-casting on [225.0.0.222:54997]...
Player connection [18784] Host joined alternative multi-casting on [225.0.0.222:34997]...
JobSystem: Creating JobQueue using job-worker-count value 7
Input System module state changed to: Initialized.
[Physics::Module] Initialized fallback backend.
[Physics::Module] Id: 0xdecafbad
Library Redirect Path: Library/
[Physics::Module] Selected backend.
[Physics::Module] Name: PhysX
[Physics::Module] Id: 0xf2b8ea05
[Physics::Module] SDK Version: 4.1.2
[Physics::Module] Integration Version: 1.0.0
[Physics::Module] Threading Mode: Multi-Threaded
Refreshing native plugins compatible for Editor in 22.06 ms, found 16 plugins.
Unity memory allocator detected: MetaXRAudio native memory allocations will be tracked.
Preloading 2 native plugins for Editor in 2.18 ms.
Initialize engine version: 6000.1.11f1 (9b156bbbd4df)
[Subsystems] Discovering subsystems at path C:/Program Files/Unity/Hub/Editor/6000.1.11f1/Editor/Data/Resources/UnitySubsystems
[Subsystems] Discovering subsystems at path C:/Users/exp4_g2/Desktop/2025/music station/Assets
GfxDevice: creating device client; kGfxThreadingModeNonThreaded
Direct3D:
    Version:  Direct3D 11.0 [level 11.1]
    Renderer: NVIDIA GeForce RTX 4050 Laptop GPU (ID=0x28a1)
    Vendor:   NVIDIA
    VRAM:     5936 MB
    Driver:   31.0.15.4619
Shader 'Meta/MRUK/Scene/HighlightsAndShadows': fallback shader 'Off' not found
Shader 'Oculus/OVRMRCameraFrameLit': fallback shader 'Alpha-Diffuse' not found
Initialize mono
Mono path[0] = 'C:/Program Files/Unity/Hub/Editor/6000.1.11f1/Editor/Data/Managed'
Mono path[1] = 'C:/Program Files/Unity/Hub/Editor/6000.1.11f1/Editor/Data/MonoBleedingEdge/lib/mono/unityjit-win32'
Mono config path = 'C:/Program Files/Unity/Hub/Editor/6000.1.11f1/Editor/Data/MonoBleedingEdge/etc'
Using monoOptions --debugger-agent=transport=dt_socket,embedding=1,server=y,suspend=n,address=127.0.0.1:56964
Begin MonoManager ReloadAssembly
Registering precompiled unity dll's ...
Register platform support module: C:/Program Files/Unity/Hub/Editor/6000.1.11f1/Editor/Data/PlaybackEngines/WindowsStandaloneSupport/UnityEditor.WindowsStandalone.Extensions.dll
Register platform support module: C:/Program Files/Unity/Hub/Editor/6000.1.11f1/Editor/Data/PlaybackEngines/AndroidPlayer/UnityEditor.Android.Extensions.dll
Registered in 0.002378 seconds.
- Loaded All Assemblies, in  0.352 seconds
Native extension for Android target not found
Android Extension - Scanning For ADB Devices 279 ms
Native extension for WindowsStandalone target not found
Mono: successfully reloaded assembly
- Finished resetting the current domain, in  0.647 seconds
Domain Reload Profiling: 997ms
	BeginReloadAssembly (115ms)
		ExecutionOrderSort (0ms)
		DisableScriptedObjects (0ms)
		BackupInstance (0ms)
		ReleaseScriptingObjects (0ms)
		CreateAndSetChildDomain (1ms)
	RebuildCommonClasses (32ms)
	RebuildNativeTypeToScriptingClass (13ms)
	initialDomainReloadingComplete (52ms)
	LoadAllAssembliesAndSetupDomain (138ms)
		LoadAssemblies (113ms)
		RebuildTransferFunctionScriptingTraits (0ms)
		AnalyzeDomain (134ms)
			TypeCache.Refresh (133ms)
				TypeCache.ScanAssembly (121ms)
			BuildScriptInfoCaches (0ms)
			ResolveRequiredComponents (0ms)
	FinalizeReload (648ms)
		ReleaseScriptCaches (0ms)
		RebuildScriptCaches (0ms)
		SetupLoadedEditorAssemblies (599ms)
			LogAssemblyErrors (0ms)
			InitializePlatformSupportModulesInManaged (358ms)
			SetLoadedEditorAssemblies (3ms)
			BeforeProcessingInitializeOnLoad (51ms)
			ProcessInitializeOnLoadAttributes (129ms)
			ProcessInitializeOnLoadMethodAttributes (58ms)
			AfterProcessingInitializeOnLoad (0ms)
			EditorAssembliesLoaded (0ms)
		ExecutionOrderSort2 (0ms)
		AwakeInstancesAfterBackupRestoration (0ms)
========================================================================
Worker process is ready to serve import requests
Import Worker Mode flag is 0x00
Begin MonoManager ReloadAssembly
Symbol file LoadedFromMemory is not a mono symbol file
- Loaded All Assemblies, in  0.894 seconds
Script 'CharacterController' has the same name as built-in Unity component.
AddComponent and GetComponent will not work with this script.
'Packages/com.meta.xr.sdk.core/Editor/BuildingBlocks/BlocksWindow.cs' contains partial class of Unity.Object, exactly 1 of the partial classes needs to be in a file with the same filename. This is to know the one that can be referenced from ie. GameObjects
'Packages/com.meta.xr.sdk.core/Editor/BuildingBlocks/BlocksWindowDetailsExtension.cs' contains partial class of Unity.Object, exactly 1 of the partial classes needs to be in a file with the same filename. This is to know the one that can be referenced from ie. GameObjects
'Packages/com.meta.xr.sdk.core/Editor/BuildingBlocks/BlocksWindowCollectionsPageExtension.cs' contains partial class of Unity.Object, exactly 1 of the partial classes needs to be in a file with the same filename. This is to know the one that can be referenced from ie. GameObjects
Refreshing native plugins compatible for Editor in 8.82 ms, found 16 plugins.
Native extension for Android target not found
Native extension for WindowsStandalone target not found
Package Manager log level set to [2]
[Package Manager] Failed to launch server process. Reason: Unity was launched with the -noUpm command-line argument
[Package Manager] Unable to send message (not connected to server process).
[Package Manager] Cannot connect to Unity Package Manager local server
[Package Manager] Failed to launch server process. Reason: Unity was launched with the -noUpm command-line argument
[Package Manager] Unable to send message (not connected to server process).
[Package Manager] Cannot connect to Unity Package Manager local server
Refreshing native plugins compatible for Editor in 9.33 ms, found 16 plugins.
  % Total    % Received % Xferd  Average Speed   Time    Time     Time  Current
                                 Dload  Upload   Total   Spent    Left  Speed
  0     0    0     0    0     0      0      0 --:--:-- --:--:-- --:--:--     0100    29    0    29    0     0    113      0 --:--:-- --:--:-- --:--:--   114
[Package Manager] Failed to launch server process. Reason: Unity was launched with the -noUpm command-line argument
[Package Manager] Unable to send message (not connected to server process).
[Package Manager] Cannot connect to Unity Package Manager local server
Mono: successfully reloaded assembly
[Package Manager] Failed to launch server process. Reason: Unity was launched with the -noUpm command-line argument
[Package Manager] Unable to send message (not connected to server process).
[Package Manager] Cannot connect to Unity Package Manager local server
[Package Manager] Failed to launch server process. Reason: Unity was launched with the -noUpm command-line argument
[Package Manager] Unable to send message (not connected to server process).
[Package Manager] Cannot connect to Unity Package Manager local server
- Finished resetting the current domain, in  1.454 seconds
Domain Reload Profiling: 2343ms
	BeginReloadAssembly (173ms)
		ExecutionOrderSort (0ms)
		DisableScriptedObjects (6ms)
		BackupInstance (0ms)
		ReleaseScriptingObjects (0ms)
		CreateAndSetChildDomain (27ms)
	RebuildCommonClasses (33ms)
	RebuildNativeTypeToScriptingClass (11ms)
	initialDomainReloadingComplete (39ms)
	LoadAllAssembliesAndSetupDomain (632ms)
		LoadAssemblies (407ms)
		RebuildTransferFunctionScriptingTraits (0ms)
		AnalyzeDomain (330ms)
			TypeCache.Refresh (238ms)
				TypeCache.ScanAssembly (216ms)
			BuildScriptInfoCaches (73ms)
			ResolveRequiredComponents (16ms)
	FinalizeReload (1455ms)
		ReleaseScriptCaches (0ms)
		RebuildScriptCaches (0ms)
		SetupLoadedEditorAssemblies (1261ms)
			LogAssemblyErrors (0ms)
			InitializePlatformSupportModulesInManaged (9ms)
			SetLoadedEditorAssemblies (5ms)
			BeforeProcessingInitializeOnLoad (131ms)
			ProcessInitializeOnLoadAttributes (966ms)
			ProcessInitializeOnLoadMethodAttributes (147ms)
			AfterProcessingInitializeOnLoad (4ms)
			EditorAssembliesLoaded (0ms)
		ExecutionOrderSort2 (0ms)
		AwakeInstancesAfterBackupRestoration (5ms)
Shader 'Meta/MRUK/Scene/HighlightsAndShadows': fallback shader 'Off' not found
Shader 'Oculus/OVRMRCameraFrameLit': fallback shader 'Alpha-Diffuse' not found
Launched and connected shader compiler UnityShaderCompiler.exe after 0.01 seconds
Refreshing native plugins compatible for Editor in 9.16 ms, found 16 plugins.
Preloading 2 native plugins for Editor in 0.11 ms.
Unloading 310 Unused Serialized files (Serialized files now loaded: 0)
Unloading 8848 unused Assets / (4.8 MB). Loaded Objects now: 9647.
Memory consumption went from 218.5 MB to 213.7 MB.
Total: 9.565900 ms (FindLiveObjects: 1.149700 ms CreateObjectMapping: 0.395800 ms MarkObjects: 5.671900 ms  DeleteObjects: 2.347400 ms)

========================================================================
Received Prepare
Script 'CharacterController' has the same name as built-in Unity component.
AddComponent and GetComponent will not work with this script.
'Packages/com.meta.xr.sdk.core/Editor/BuildingBlocks/BlocksWindow.cs' contains partial class of Unity.Object, exactly 1 of the partial classes needs to be in a file with the same filename. This is to know the one that can be referenced from ie. GameObjects
'Packages/com.meta.xr.sdk.core/Editor/BuildingBlocks/BlocksWindowDetailsExtension.cs' contains partial class of Unity.Object, exactly 1 of the partial classes needs to be in a file with the same filename. This is to know the one that can be referenced from ie. GameObjects
'Packages/com.meta.xr.sdk.core/Editor/BuildingBlocks/BlocksWindowCollectionsPageExtension.cs' contains partial class of Unity.Object, exactly 1 of the partial classes needs to be in a file with the same filename. This is to know the one that can be referenced from ie. GameObjects
Shader 'Meta/MRUK/Scene/HighlightsAndShadows': fallback shader 'Off' not found
Shader 'Oculus/OVRMRCameraFrameLit': fallback shader 'Alpha-Diffuse' not found
Refreshing native plugins compatible for Editor in 9.74 ms, found 16 plugins.
Preloading 2 native plugins for Editor in 0.12 ms.
Unloading 14 Unused Serialized files (Serialized files now loaded: 0)
Unloading 8770 unused Assets / (4.9 MB). Loaded Objects now: 9635.
Memory consumption went from 163.1 MB to 158.2 MB.
Total: 11.230200 ms (FindLiveObjects: 2.131500 ms CreateObjectMapping: 0.458600 ms MarkObjects: 6.370400 ms  DeleteObjects: 2.267800 ms)

Prepare: number of updated asset objects reloaded= 0
========================================================================
Received Prepare
Begin MonoManager ReloadAssembly
Symbol file LoadedFromMemory is not a mono symbol file
- Loaded All Assemblies, in  0.652 seconds
Script 'CharacterController' has the same name as built-in Unity component.
AddComponent and GetComponent will not work with this script.
'Packages/com.meta.xr.sdk.core/Editor/BuildingBlocks/BlocksWindow.cs' contains partial class of Unity.Object, exactly 1 of the partial classes needs to be in a file with the same filename. This is to know the one that can be referenced from ie. GameObjects
'Packages/com.meta.xr.sdk.core/Editor/BuildingBlocks/BlocksWindowDetailsExtension.cs' contains partial class of Unity.Object, exactly 1 of the partial classes needs to be in a file with the same filename. This is to know the one that can be referenced from ie. GameObjects
'Packages/com.meta.xr.sdk.core/Editor/BuildingBlocks/BlocksWindowCollectionsPageExtension.cs' contains partial class of Unity.Object, exactly 1 of the partial classes needs to be in a file with the same filename. This is to know the one that can be referenced from ie. GameObjects
Refreshing native plugins compatible for Editor in 7.54 ms, found 16 plugins.
Native extension for Android target not found
Native extension for WindowsStandalone target not found
[Package Manager] Failed to launch server process. Reason: Unity was launched with the -noUpm command-line argument
[Package Manager] Unable to send message (not connected to server process).
[Package Manager] Cannot connect to Unity Package Manager local server
[Package Manager] Failed to launch server process. Reason: Unity was launched with the -noUpm command-line argument
[Package Manager] Unable to send message (not connected to server process).
[Package Manager] Cannot connect to Unity Package Manager local server
Refreshing native plugins compatible for Editor in 8.00 ms, found 16 plugins.
[Package Manager] Failed to launch server process. Reason: Unity was launched with the -noUpm command-line argument
[Package Manager] Unable to send message (not connected to server process).
[Package Manager] Cannot connect to Unity Package Manager local server
Mono: successfully reloaded assembly
[Package Manager] Failed to launch server process. Reason: Unity was launched with the -noUpm command-line argument
[Package Manager] Unable to send message (not connected to server process).
[Package Manager] Cannot connect to Unity Package Manager local server
- Finished resetting the current domain, in  0.805 seconds
Domain Reload Profiling: 1455ms
	BeginReloadAssembly (175ms)
		ExecutionOrderSort (0ms)
		DisableScriptedObjects (4ms)
		BackupInstance (0ms)
		ReleaseScriptingObjects (0ms)
		CreateAndSetChildDomain (49ms)
	RebuildCommonClasses (26ms)
	RebuildNativeTypeToScriptingClass (9ms)
	initialDomainReloadingComplete (22ms)
	LoadAllAssembliesAndSetupDomain (417ms)
		LoadAssemblies (304ms)
		RebuildTransferFunctionScriptingTraits (0ms)
		AnalyzeDomain (186ms)
			TypeCache.Refresh (10ms)
				TypeCache.ScanAssembly (0ms)
			BuildScriptInfoCaches (158ms)
			ResolveRequiredComponents (14ms)
	FinalizeReload (805ms)
		ReleaseScriptCaches (0ms)
		RebuildScriptCaches (0ms)
		SetupLoadedEditorAssemblies (659ms)
			LogAssemblyErrors (0ms)
			InitializePlatformSupportModulesInManaged (7ms)
			SetLoadedEditorAssemblies (3ms)
			BeforeProcessingInitializeOnLoad (118ms)
			ProcessInitializeOnLoadAttributes (411ms)
			ProcessInitializeOnLoadMethodAttributes (116ms)
			AfterProcessingInitializeOnLoad (4ms)
			EditorAssembliesLoaded (0ms)
		ExecutionOrderSort2 (0ms)
		AwakeInstancesAfterBackupRestoration (12ms)
Shader 'Meta/MRUK/Scene/HighlightsAndShadows': fallback shader 'Off' not found
Shader 'Oculus/OVRMRCameraFrameLit': fallback shader 'Alpha-Diffuse' not found
Refreshing native plugins compatible for Editor in 8.95 ms, found 16 plugins.
Preloading 2 native plugins for Editor in 0.11 ms.
Unloading 23 Unused Serialized files (Serialized files now loaded: 0)
Unloading 8844 unused Assets / (4.5 MB). Loaded Objects now: 9662.
Memory consumption went from 172.0 MB to 167.5 MB.
Total: 9.011300 ms (FindLiveObjects: 0.603400 ms CreateObjectMapping: 0.408200 ms MarkObjects: 6.133900 ms  DeleteObjects: 1.864700 ms)

Prepare: number of updated asset objects reloaded= 0
========================================================================
Received Prepare
Begin MonoManager ReloadAssembly
Symbol file LoadedFromMemory is not a mono symbol file
- Loaded All Assemblies, in  0.638 seconds
Script 'CharacterController' has the same name as built-in Unity component.
AddComponent and GetComponent will not work with this script.
'Packages/com.meta.xr.sdk.core/Editor/BuildingBlocks/BlocksWindow.cs' contains partial class of Unity.Object, exactly 1 of the partial classes needs to be in a file with the same filename. This is to know the one that can be referenced from ie. GameObjects
'Packages/com.meta.xr.sdk.core/Editor/BuildingBlocks/BlocksWindowDetailsExtension.cs' contains partial class of Unity.Object, exactly 1 of the partial classes needs to be in a file with the same filename. This is to know the one that can be referenced from ie. GameObjects
'Packages/com.meta.xr.sdk.core/Editor/BuildingBlocks/BlocksWindowCollectionsPageExtension.cs' contains partial class of Unity.Object, exactly 1 of the partial classes needs to be in a file with the same filename. This is to know the one that can be referenced from ie. GameObjects
Refreshing native plugins compatible for Editor in 8.33 ms, found 16 plugins.
Native extension for Android target not found
Native extension for WindowsStandalone target not found
[Package Manager] Failed to launch server process. Reason: Unity was launched with the -noUpm command-line argument
[Package Manager] Unable to send message (not connected to server process).
[Package Manager] Cannot connect to Unity Package Manager local server
[Package Manager] Failed to launch server process. Reason: Unity was launched with the -noUpm command-line argument
[Package Manager] Unable to send message (not connected to server process).
[Package Manager] Cannot connect to Unity Package Manager local server
Refreshing native plugins compatible for Editor in 7.92 ms, found 16 plugins.
[Package Manager] Failed to launch server process. Reason: Unity was launched with the -noUpm command-line argument
[Package Manager] Unable to send message (not connected to server process).
[Package Manager] Cannot connect to Unity Package Manager local server
Mono: successfully reloaded assembly
[Package Manager] Failed to launch server process. Reason: Unity was launched with the -noUpm command-line argument
[Package Manager] Unable to send message (not connected to server process).
[Package Manager] Cannot connect to Unity Package Manager local server
- Finished resetting the current domain, in  0.754 seconds
Domain Reload Profiling: 1392ms
	BeginReloadAssembly (164ms)
		ExecutionOrderSort (0ms)
		DisableScriptedObjects (5ms)
		BackupInstance (0ms)
		ReleaseScriptingObjects (0ms)
		CreateAndSetChildDomain (42ms)
	RebuildCommonClasses (25ms)
	RebuildNativeTypeToScriptingClass (9ms)
	initialDomainReloadingComplete (19ms)
	LoadAllAssembliesAndSetupDomain (419ms)
		LoadAssemblies (298ms)
		RebuildTransferFunctionScriptingTraits (0ms)
		AnalyzeDomain (187ms)
			TypeCache.Refresh (7ms)
				TypeCache.ScanAssembly (0ms)
			BuildScriptInfoCaches (163ms)
			ResolveRequiredComponents (14ms)
	FinalizeReload (755ms)
		ReleaseScriptCaches (0ms)
		RebuildScriptCaches (0ms)
		SetupLoadedEditorAssemblies (619ms)
			LogAssemblyErrors (0ms)
			InitializePlatformSupportModulesInManaged (7ms)
			SetLoadedEditorAssemblies (3ms)
			BeforeProcessingInitializeOnLoad (112ms)
			ProcessInitializeOnLoadAttributes (381ms)
			ProcessInitializeOnLoadMethodAttributes (113ms)
			AfterProcessingInitializeOnLoad (3ms)
			EditorAssembliesLoaded (0ms)
		ExecutionOrderSort2 (0ms)
		AwakeInstancesAfterBackupRestoration (10ms)
Shader 'Meta/MRUK/Scene/HighlightsAndShadows': fallback shader 'Off' not found
Shader 'Oculus/OVRMRCameraFrameLit': fallback shader 'Alpha-Diffuse' not found
Refreshing native plugins compatible for Editor in 7.58 ms, found 16 plugins.
Preloading 2 native plugins for Editor in 0.11 ms.
Unloading 14 Unused Serialized files (Serialized files now loaded: 0)
Unloading 8844 unused Assets / (4.5 MB). Loaded Objects now: 9665.
Memory consumption went from 172.3 MB to 167.9 MB.
Total: 8.006200 ms (FindLiveObjects: 0.579600 ms CreateObjectMapping: 0.409200 ms MarkObjects: 5.292000 ms  DeleteObjects: 1.724600 ms)

Prepare: number of updated asset objects reloaded= 0
========================================================================
Received Prepare
Script 'CharacterController' has the same name as built-in Unity component.
AddComponent and GetComponent will not work with this script.
'Packages/com.meta.xr.sdk.core/Editor/BuildingBlocks/BlocksWindow.cs' contains partial class of Unity.Object, exactly 1 of the partial classes needs to be in a file with the same filename. This is to know the one that can be referenced from ie. GameObjects
'Packages/com.meta.xr.sdk.core/Editor/BuildingBlocks/BlocksWindowDetailsExtension.cs' contains partial class of Unity.Object, exactly 1 of the partial classes needs to be in a file with the same filename. This is to know the one that can be referenced from ie. GameObjects
'Packages/com.meta.xr.sdk.core/Editor/BuildingBlocks/BlocksWindowCollectionsPageExtension.cs' contains partial class of Unity.Object, exactly 1 of the partial classes needs to be in a file with the same filename. This is to know the one that can be referenced from ie. GameObjects
Shader 'Meta/MRUK/Scene/HighlightsAndShadows': fallback shader 'Off' not found
Shader 'Oculus/OVRMRCameraFrameLit': fallback shader 'Alpha-Diffuse' not found
Refreshing native plugins compatible for Editor in 14.97 ms, found 16 plugins.
Preloading 2 native plugins for Editor in 0.17 ms.
Unloading 14 Unused Serialized files (Serialized files now loaded: 0)
Unloading 8770 unused Assets / (4.3 MB). Loaded Objects now: 9653.
Memory consumption went from 171.9 MB to 167.6 MB.
Total: 12.606700 ms (FindLiveObjects: 0.906100 ms CreateObjectMapping: 0.851300 ms MarkObjects: 8.297100 ms  DeleteObjects: 2.551000 ms)

Prepare: number of updated asset objects reloaded= 0
========================================================================
Received Prepare
Begin MonoManager ReloadAssembly
Symbol file LoadedFromMemory is not a mono symbol file
- Loaded All Assemblies, in  0.668 seconds
Script 'CharacterController' has the same name as built-in Unity component.
AddComponent and GetComponent will not work with this script.
'Packages/com.meta.xr.sdk.core/Editor/BuildingBlocks/BlocksWindow.cs' contains partial class of Unity.Object, exactly 1 of the partial classes needs to be in a file with the same filename. This is to know the one that can be referenced from ie. GameObjects
'Packages/com.meta.xr.sdk.core/Editor/BuildingBlocks/BlocksWindowDetailsExtension.cs' contains partial class of Unity.Object, exactly 1 of the partial classes needs to be in a file with the same filename. This is to know the one that can be referenced from ie. GameObjects
'Packages/com.meta.xr.sdk.core/Editor/BuildingBlocks/BlocksWindowCollectionsPageExtension.cs' contains partial class of Unity.Object, exactly 1 of the partial classes needs to be in a file with the same filename. This is to know the one that can be referenced from ie. GameObjects
Refreshing native plugins compatible for Editor in 8.05 ms, found 16 plugins.
Native extension for Android target not found
Native extension for WindowsStandalone target not found
[Package Manager] Failed to launch server process. Reason: Unity was launched with the -noUpm command-line argument
[Package Manager] Unable to send message (not connected to server process).
[Package Manager] Cannot connect to Unity Package Manager local server
[Package Manager] Failed to launch server process. Reason: Unity was launched with the -noUpm command-line argument
[Package Manager] Unable to send message (not connected to server process).
[Package Manager] Cannot connect to Unity Package Manager local server
Refreshing native plugins compatible for Editor in 8.30 ms, found 16 plugins.
[Package Manager] Failed to launch server process. Reason: Unity was launched with the -noUpm command-line argument
[Package Manager] Unable to send message (not connected to server process).
[Package Manager] Cannot connect to Unity Package Manager local server
Mono: successfully reloaded assembly
[Package Manager] Failed to launch server process. Reason: Unity was launched with the -noUpm command-line argument
[Package Manager] Unable to send message (not connected to server process).
[Package Manager] Cannot connect to Unity Package Manager local server
- Finished resetting the current domain, in  0.812 seconds
Domain Reload Profiling: 1479ms
	BeginReloadAssembly (173ms)
		ExecutionOrderSort (0ms)
		DisableScriptedObjects (4ms)
		BackupInstance (0ms)
		ReleaseScriptingObjects (0ms)
		CreateAndSetChildDomain (50ms)
	RebuildCommonClasses (27ms)
	RebuildNativeTypeToScriptingClass (10ms)
	initialDomainReloadingComplete (21ms)
	LoadAllAssembliesAndSetupDomain (436ms)
		LoadAssemblies (309ms)
		RebuildTransferFunctionScriptingTraits (0ms)
		AnalyzeDomain (195ms)
			TypeCache.Refresh (10ms)
				TypeCache.ScanAssembly (0ms)
			BuildScriptInfoCaches (168ms)
			ResolveRequiredComponents (13ms)
	FinalizeReload (812ms)
		ReleaseScriptCaches (0ms)
		RebuildScriptCaches (0ms)
		SetupLoadedEditorAssemblies (667ms)
			LogAssemblyErrors (0ms)
			InitializePlatformSupportModulesInManaged (10ms)
			SetLoadedEditorAssemblies (6ms)
			BeforeProcessingInitializeOnLoad (127ms)
			ProcessInitializeOnLoadAttributes (392ms)
			ProcessInitializeOnLoadMethodAttributes (126ms)
			AfterProcessingInitializeOnLoad (7ms)
			EditorAssembliesLoaded (0ms)
		ExecutionOrderSort2 (0ms)
		AwakeInstancesAfterBackupRestoration (13ms)
Shader 'Meta/MRUK/Scene/HighlightsAndShadows': fallback shader 'Off' not found
Shader 'Oculus/OVRMRCameraFrameLit': fallback shader 'Alpha-Diffuse' not found
Refreshing native plugins compatible for Editor in 12.58 ms, found 16 plugins.
Preloading 2 native plugins for Editor in 0.09 ms.
Unloading 14 Unused Serialized files (Serialized files now loaded: 0)
Unloading 8844 unused Assets / (4.6 MB). Loaded Objects now: 9668.
Memory consumption went from 172.4 MB to 167.8 MB.
Total: 10.512400 ms (FindLiveObjects: 0.637400 ms CreateObjectMapping: 0.688800 ms MarkObjects: 6.907100 ms  DeleteObjects: 2.278400 ms)

Prepare: number of updated asset objects reloaded= 0
========================================================================
Received Prepare
Begin MonoManager ReloadAssembly
Symbol file LoadedFromMemory is not a mono symbol file
- Loaded All Assemblies, in  0.636 seconds
Script 'CharacterController' has the same name as built-in Unity component.
AddComponent and GetComponent will not work with this script.
'Packages/com.meta.xr.sdk.core/Editor/BuildingBlocks/BlocksWindow.cs' contains partial class of Unity.Object, exactly 1 of the partial classes needs to be in a file with the same filename. This is to know the one that can be referenced from ie. GameObjects
'Packages/com.meta.xr.sdk.core/Editor/BuildingBlocks/BlocksWindowDetailsExtension.cs' contains partial class of Unity.Object, exactly 1 of the partial classes needs to be in a file with the same filename. This is to know the one that can be referenced from ie. GameObjects
'Packages/com.meta.xr.sdk.core/Editor/BuildingBlocks/BlocksWindowCollectionsPageExtension.cs' contains partial class of Unity.Object, exactly 1 of the partial classes needs to be in a file with the same filename. This is to know the one that can be referenced from ie. GameObjects
Refreshing native plugins compatible for Editor in 8.50 ms, found 16 plugins.
Native extension for Android target not found
Native extension for WindowsStandalone target not found
[Package Manager] Failed to launch server process. Reason: Unity was launched with the -noUpm command-line argument
[Package Manager] Unable to send message (not connected to server process).
[Package Manager] Cannot connect to Unity Package Manager local server
[Package Manager] Failed to launch server process. Reason: Unity was launched with the -noUpm command-line argument
[Package Manager] Unable to send message (not connected to server process).
[Package Manager] Cannot connect to Unity Package Manager local server
Refreshing native plugins compatible for Editor in 7.77 ms, found 16 plugins.
[Package Manager] Failed to launch server process. Reason: Unity was launched with the -noUpm command-line argument
[Package Manager] Unable to send message (not connected to server process).
[Package Manager] Cannot connect to Unity Package Manager local server
Mono: successfully reloaded assembly
[Package Manager] Failed to launch server process. Reason: Unity was launched with the -noUpm command-line argument
[Package Manager] Unable to send message (not connected to server process).
[Package Manager] Cannot connect to Unity Package Manager local server
- Finished resetting the current domain, in  0.756 seconds
Domain Reload Profiling: 1391ms
	BeginReloadAssembly (159ms)
		ExecutionOrderSort (0ms)
		DisableScriptedObjects (5ms)
		BackupInstance (0ms)
		ReleaseScriptingObjects (0ms)
		CreateAndSetChildDomain (39ms)
	RebuildCommonClasses (25ms)
	RebuildNativeTypeToScriptingClass (9ms)
	initialDomainReloadingComplete (20ms)
	LoadAllAssembliesAndSetupDomain (422ms)
		LoadAssemblies (303ms)
		RebuildTransferFunctionScriptingTraits (0ms)
		AnalyzeDomain (185ms)
			TypeCache.Refresh (6ms)
				TypeCache.ScanAssembly (0ms)
			BuildScriptInfoCaches (160ms)
			ResolveRequiredComponents (15ms)
	FinalizeReload (757ms)
		ReleaseScriptCaches (0ms)
		RebuildScriptCaches (0ms)
		SetupLoadedEditorAssemblies (617ms)
			LogAssemblyErrors (0ms)
			InitializePlatformSupportModulesInManaged (7ms)
			SetLoadedEditorAssemblies (3ms)
			BeforeProcessingInitializeOnLoad (112ms)
			ProcessInitializeOnLoadAttributes (378ms)
			ProcessInitializeOnLoadMethodAttributes (112ms)
			AfterProcessingInitializeOnLoad (3ms)
			EditorAssembliesLoaded (0ms)
		ExecutionOrderSort2 (0ms)
		AwakeInstancesAfterBackupRestoration (13ms)
Shader 'Meta/MRUK/Scene/HighlightsAndShadows': fallback shader 'Off' not found
Shader 'Oculus/OVRMRCameraFrameLit': fallback shader 'Alpha-Diffuse' not found
Refreshing native plugins compatible for Editor in 8.34 ms, found 16 plugins.
Preloading 2 native plugins for Editor in 0.11 ms.
Unloading 14 Unused Serialized files (Serialized files now loaded: 0)
Unloading 8844 unused Assets / (4.7 MB). Loaded Objects now: 9671.
Memory consumption went from 172.4 MB to 167.8 MB.
Total: 8.204300 ms (FindLiveObjects: 0.636100 ms CreateObjectMapping: 0.479000 ms MarkObjects: 5.303900 ms  DeleteObjects: 1.784000 ms)

Prepare: number of updated asset objects reloaded= 0
========================================================================
Received Import Request.
  Time since last request: 8558.568624 seconds.
  path: Assets/Scenes/Stage1.unity
  artifactKey: Guid(99c9720ab356a0642a771bea13969a05) Importer(815301076,1909f56bfc062723c751e8b465ee728b)
Start importing Assets/Scenes/Stage1.unity using Guid(99c9720ab356a0642a771bea13969a05) Importer(815301076,1909f56bfc062723c751e8b465ee728b) (PreviewImporter) -> (artifact id: '4a0da5bda54ffeb8a85ab35010c38810') in 0.0773373 seconds
Number of updated asset objects reloaded before import = 0Number of asset objects unloaded after import = 0

========================================================================
Received Import Request.
  Time since last request: 43.566104 seconds.
  path: Assets/Piano/Stage1_SceneTemplate.scenetemplate
  artifactKey: Guid(af08509b44ef03741aac72074b5fbaef) Importer(815301076,1909f56bfc062723c751e8b465ee728b)
Start importing Assets/Piano/Stage1_SceneTemplate.scenetemplate using Guid(af08509b44ef03741aac72074b5fbaef) Importer(815301076,1909f56bfc062723c751e8b465ee728b) (PreviewImporter) -> (artifact id: '0d307d97616c82776525a096d6df73e8') in 0.443765 seconds
Number of updated asset objects reloaded before import = 0Number of asset objects unloaded after import = 17534

========================================================================
Received Import Request.
  Time since last request: 4.776393 seconds.
  path: Assets/Piano/SampleScene.unity
  artifactKey: Guid(70af1271a8212cd4bbb3476c88098a4d) Importer(815301076,1909f56bfc062723c751e8b465ee728b)
Start importing Assets/Piano/SampleScene.unity using Guid(70af1271a8212cd4bbb3476c88098a4d) Importer(815301076,1909f56bfc062723c751e8b465ee728b) (PreviewImporter) -> (artifact id: '0ae7d6822d74c23a0c84f86cd0010f09') in 0.0006594 seconds
Number of updated asset objects reloaded before import = 0Number of asset objects unloaded after import = 0

========================================================================
Received Import Request.
  Time since last request: 28.825170 seconds.
  path: Assets/Piano/Stage1_SceneTemplate.scenetemplate
  artifactKey: Guid(af08509b44ef03741aac72074b5fbaef) Importer(815301076,1909f56bfc062723c751e8b465ee728b)
Start importing Assets/Piano/Stage1_SceneTemplate.scenetemplate using Guid(af08509b44ef03741aac72074b5fbaef) Importer(815301076,1909f56bfc062723c751e8b465ee728b) (PreviewImporter) -> (artifact id: '45107e55f6ad4084f58f3cd2b87acd34') in 0.2959966 seconds
Number of updated asset objects reloaded before import = 0Number of asset objects unloaded after import = 17692

========================================================================
Received Import Request.
  Time since last request: 93.880002 seconds.
  path: SceneTemplates/InMemory/bd78319fec34411a809b2a26381211dc/Untitled/kiosk-metal.mat
  artifactKey: Guid(5e98443b2ea731d45a856c1099bdf996) Importer(815301076,1909f56bfc062723c751e8b465ee728b)
Start importing SceneTemplates/InMemory/bd78319fec34411a809b2a26381211dc/Untitled/kiosk-metal.mat using Guid(5e98443b2ea731d45a856c1099bdf996) Importer(815301076,1909f56bfc062723c751e8b465ee728b) (PreviewImporter) -> (artifact id: 'a69464c3371eea9f40a20b5fb217739f') in 0.4001375 seconds
Number of updated asset objects reloaded before import = 0Number of asset objects unloaded after import = 2

========================================================================
Received Import Request.
  Time since last request: 0.000032 seconds.
  path: SceneTemplates/InMemory/bd78319fec34411a809b2a26381211dc/Untitled/MetaQuestTouchPlus_Right.fbx
  artifactKey: Guid(77762e1e3944ac342adb40bf501208b5) Importer(815301076,1909f56bfc062723c751e8b465ee728b)
Start importing SceneTemplates/InMemory/bd78319fec34411a809b2a26381211dc/Untitled/MetaQuestTouchPlus_Right.fbx using Guid(77762e1e3944ac342adb40bf501208b5) Importer(815301076,1909f56bfc062723c751e8b465ee728b) (PreviewImporter) -> (artifact id: 'e156357b6b26fc1c2e4ee5496762e294') in 2.0880443 seconds
Number of updated asset objects reloaded before import = 0Number of asset objects unloaded after import = 55

========================================================================
Received Import Request.
  Time since last request: 0.000077 seconds.
  path: SceneTemplates/InMemory/bd78319fec34411a809b2a26381211dc/Untitled/Lit.mat
  artifactKey: Guid(1e7f51d6eb64e6748a859b7d831a8c4d) Importer(815301076,1909f56bfc062723c751e8b465ee728b)
Start importing SceneTemplates/InMemory/bd78319fec34411a809b2a26381211dc/Untitled/Lit.mat using Guid(1e7f51d6eb64e6748a859b7d831a8c4d) Importer(815301076,1909f56bfc062723c751e8b465ee728b) (PreviewImporter) -> (artifact id: '0b0d9b628bfff81ee638c0e3beecdba6') in 0.007177 seconds
Number of updated asset objects reloaded before import = 0Number of asset objects unloaded after import = 1

========================================================================
Received Import Request.
  Time since last request: 0.000026 seconds.
  path: SceneTemplates/InMemory/bd78319fec34411a809b2a26381211dc/Untitled/LocomotionHandInteractorGroup.prefab
  artifactKey: Guid(7774632e83c897c43942f66bf869a363) Importer(815301076,1909f56bfc062723c751e8b465ee728b)
Start importing SceneTemplates/InMemory/bd78319fec34411a809b2a26381211dc/Untitled/LocomotionHandInteractorGroup.prefab using Guid(7774632e83c897c43942f66bf869a363) Importer(815301076,1909f56bfc062723c751e8b465ee728b) (PreviewImporter) -> (artifact id: '939a6402f6ea2a88ffdc9fedde69cc1c') in 0.0197901 seconds
Number of updated asset objects reloaded before import = 0Number of asset objects unloaded after import = 255

========================================================================
Received Import Request.
  Time since last request: 0.000025 seconds.
  path: SceneTemplates/InMemory/bd78319fec34411a809b2a26381211dc/Untitled/Locomotor.prefab
  artifactKey: Guid(2685267b76cee314085115f9823243a9) Importer(815301076,1909f56bfc062723c751e8b465ee728b)
Start importing SceneTemplates/InMemory/bd78319fec34411a809b2a26381211dc/Untitled/Locomotor.prefab using Guid(2685267b76cee314085115f9823243a9) Importer(815301076,1909f56bfc062723c751e8b465ee728b) (PreviewImporter) -> (artifact id: '4e7b3e9fa5c1061fdc591b67847450e5') in 0.0026055 seconds
Number of updated asset objects reloaded before import = 0Number of asset objects unloaded after import = 61

========================================================================
Received Import Request.
  Time since last request: 0.000021 seconds.
  path: SceneTemplates/InMemory/bd78319fec34411a809b2a26381211dc/Untitled/LocomotionIndicatorMaterial.mat
  artifactKey: Guid(7299df03640259f4a99676411c23417b) Importer(815301076,1909f56bfc062723c751e8b465ee728b)
Start importing SceneTemplates/InMemory/bd78319fec34411a809b2a26381211dc/Untitled/LocomotionIndicatorMaterial.mat using Guid(7299df03640259f4a99676411c23417b) Importer(815301076,1909f56bfc062723c751e8b465ee728b) (PreviewImporter) -> (artifact id: '8c972c1d2d30536ce00517371b678bcb') in 0.007031 seconds
Number of updated asset objects reloaded before import = 0Number of asset objects unloaded after import = 1

========================================================================
Received Import Request.
  Time since last request: 0.000022 seconds.
  path: SceneTemplates/InMemory/bd78319fec34411a809b2a26381211dc/Untitled/LocomotionPointer.fbx
  artifactKey: Guid(7cd63bd7f5867cc428e5644ff7aeb43d) Importer(815301076,1909f56bfc062723c751e8b465ee728b)
Start importing SceneTemplates/InMemory/bd78319fec34411a809b2a26381211dc/Untitled/LocomotionPointer.fbx using Guid(7cd63bd7f5867cc428e5644ff7aeb43d) Importer(815301076,1909f56bfc062723c751e8b465ee728b) (PreviewImporter) -> (artifact id: '824c79fcf24744c2f2ef5ce4c4ab643c') in 0.0263796 seconds
Number of updated asset objects reloaded before import = 0Number of asset objects unloaded after import = 13

========================================================================
Received Import Request.
  Time since last request: 0.000035 seconds.
  path: SceneTemplates/InMemory/bd78319fec34411a809b2a26381211dc/Untitled/MetaQuestTouchPlus_Left.fbx
  artifactKey: Guid(a1da8b0eaaa19c342b719bafcd3d7759) Importer(815301076,1909f56bfc062723c751e8b465ee728b)
Start importing SceneTemplates/InMemory/bd78319fec34411a809b2a26381211dc/Untitled/MetaQuestTouchPlus_Left.fbx using Guid(a1da8b0eaaa19c342b719bafcd3d7759) Importer(815301076,1909f56bfc062723c751e8b465ee728b) (PreviewImporter) -> (artifact id: 'f140c8d9ac28db4884245e06f1aaf1ba') in 0.0360967 seconds
Number of updated asset objects reloaded before import = 0Number of asset objects unloaded after import = 55

========================================================================
Received Import Request.
  Time since last request: 0.000033 seconds.
  path: SceneTemplates/InMemory/bd78319fec34411a809b2a26381211dc/Untitled/MetaQuestTouchPlus_Metallic.png
  artifactKey: Guid(2f4be6193b62f6443a8d5392bb8a2d8f) Importer(815301076,1909f56bfc062723c751e8b465ee728b)
Start importing SceneTemplates/InMemory/bd78319fec34411a809b2a26381211dc/Untitled/MetaQuestTouchPlus_Metallic.png using Guid(2f4be6193b62f6443a8d5392bb8a2d8f) Importer(815301076,1909f56bfc062723c751e8b465ee728b) (PreviewImporter) -> (artifact id: 'b2588441f00d23196d41606a47fe7ecd') in 0.0088348 seconds
Number of updated asset objects reloaded before import = 0Number of asset objects unloaded after import = 2

========================================================================
Received Import Request.
  Time since last request: 0.000024 seconds.
  path: SceneTemplates/InMemory/bd78319fec34411a809b2a26381211dc/Untitled/MetaQuestProLeft_Material.fbx
  artifactKey: Guid(8cb3578173fd2b94a86f082bb40c4799) Importer(815301076,1909f56bfc062723c751e8b465ee728b)
Start importing SceneTemplates/InMemory/bd78319fec34411a809b2a26381211dc/Untitled/MetaQuestProLeft_Material.fbx using Guid(8cb3578173fd2b94a86f082bb40c4799) Importer(815301076,1909f56bfc062723c751e8b465ee728b) (PreviewImporter) -> (artifact id: '79ec514d2e3bb0c443dcbfb865dc8a77') in 0.0193946 seconds
Number of updated asset objects reloaded before import = 0Number of asset objects unloaded after import = 10

========================================================================
Received Import Request.
  Time since last request: 0.000029 seconds.
  path: SceneTemplates/InMemory/bd78319fec34411a809b2a26381211dc/Untitled/kiosk-windows.mat
  artifactKey: Guid(5eec2250c005d77419484dc2d0259a4e) Importer(815301076,1909f56bfc062723c751e8b465ee728b)
Start importing SceneTemplates/InMemory/bd78319fec34411a809b2a26381211dc/Untitled/kiosk-windows.mat using Guid(5eec2250c005d77419484dc2d0259a4e) Importer(815301076,1909f56bfc062723c751e8b465ee728b) (PreviewImporter) -> (artifact id: '29c2cdc2d3f63cd183b5c5893ee6546d') in 0.0084595 seconds
Number of updated asset objects reloaded before import = 0Number of asset objects unloaded after import = 2

========================================================================
Received Import Request.
  Time since last request: 0.000041 seconds.
  path: SceneTemplates/InMemory/bd78319fec34411a809b2a26381211dc/Untitled/MetaQuestTouchPlus_Left_BaseColor_AO_AlphaRoughness.png
  artifactKey: Guid(87e2a52afb018d94798f32c717671013) Importer(815301076,1909f56bfc062723c751e8b465ee728b)
Start importing SceneTemplates/InMemory/bd78319fec34411a809b2a26381211dc/Untitled/MetaQuestTouchPlus_Left_BaseColor_AO_AlphaRoughness.png using Guid(87e2a52afb018d94798f32c717671013) Importer(815301076,1909f56bfc062723c751e8b465ee728b) (PreviewImporter) -> (artifact id: 'e832eca315e4d3ee41b0a6a601afd1ef') in 0.0076731 seconds
Number of updated asset objects reloaded before import = 0Number of asset objects unloaded after import = 2

========================================================================
Received Import Request.
  Time since last request: 0.000023 seconds.
  path: SceneTemplates/InMemory/bd78319fec34411a809b2a26381211dc/Untitled/MetaQuestTouchPlus_Right_BaseColor_AO_AlphaRoughness.png
  artifactKey: Guid(1f0627722743fcf4dadbcc725076336d) Importer(815301076,1909f56bfc062723c751e8b465ee728b)
Start importing SceneTemplates/InMemory/bd78319fec34411a809b2a26381211dc/Untitled/MetaQuestTouchPlus_Right_BaseColor_AO_AlphaRoughness.png using Guid(1f0627722743fcf4dadbcc725076336d) Importer(815301076,1909f56bfc062723c751e8b465ee728b) (PreviewImporter) -> (artifact id: 'e22e578ccbe2a37e7e6e8b317722de3e') in 0.0090118 seconds
Number of updated asset objects reloaded before import = 0Number of asset objects unloaded after import = 2

========================================================================
Received Import Request.
  Time since last request: 0.000031 seconds.
  path: SceneTemplates/InMemory/bd78319fec34411a809b2a26381211dc/Untitled/MetaQuestProRight_Material.mat
  artifactKey: Guid(3209ef91a91c5d14a800135026cf5741) Importer(815301076,1909f56bfc062723c751e8b465ee728b)
Start importing SceneTemplates/InMemory/bd78319fec34411a809b2a26381211dc/Untitled/MetaQuestProRight_Material.mat using Guid(3209ef91a91c5d14a800135026cf5741) Importer(815301076,1909f56bfc062723c751e8b465ee728b) (PreviewImporter) -> (artifact id: 'fc2f871c5efe30798128bd48a2dc3477') in 0.0161265 seconds
Number of updated asset objects reloaded before import = 0Number of asset objects unloaded after import = 3

========================================================================
Received Import Request.
  Time since last request: 0.000040 seconds.
  path: SceneTemplates/InMemory/bd78319fec34411a809b2a26381211dc/Untitled/metal_warehouse_1_Normal.tga
  artifactKey: Guid(c8d04d3e92c2c6941a7b4e483d637b6f) Importer(815301076,1909f56bfc062723c751e8b465ee728b)
Start importing SceneTemplates/InMemory/bd78319fec34411a809b2a26381211dc/Untitled/metal_warehouse_1_Normal.tga using Guid(c8d04d3e92c2c6941a7b4e483d637b6f) Importer(815301076,1909f56bfc062723c751e8b465ee728b) (PreviewImporter) -> (artifact id: '09722c5f6a4c22c408e18a5d9d0f8370') in 0.0151206 seconds
Number of updated asset objects reloaded before import = 0Number of asset objects unloaded after import = 2

========================================================================
Received Import Request.
  Time since last request: 0.000027 seconds.
  path: SceneTemplates/InMemory/bd78319fec34411a809b2a26381211dc/Untitled/MetaQuestTouchPlusLeft_Material.fbx
  artifactKey: Guid(a7b58f30e6a4ede47b312ac5f99f6d60) Importer(815301076,1909f56bfc062723c751e8b465ee728b)
Start importing SceneTemplates/InMemory/bd78319fec34411a809b2a26381211dc/Untitled/MetaQuestTouchPlusLeft_Material.fbx using Guid(a7b58f30e6a4ede47b312ac5f99f6d60) Importer(815301076,1909f56bfc062723c751e8b465ee728b) (PreviewImporter) -> (artifact id: '3ccdeaa398dcf3f59094afb56e2bd911') in 0.0224235 seconds
Number of updated asset objects reloaded before import = 0Number of asset objects unloaded after import = 10

========================================================================
Received Import Request.
  Time since last request: 0.000035 seconds.
  path: SceneTemplates/InMemory/bd78319fec34411a809b2a26381211dc/Untitled/MetaQuestProRight_Material.fbx
  artifactKey: Guid(41569344ead611f4590fe3caa25e6f6e) Importer(815301076,1909f56bfc062723c751e8b465ee728b)
Start importing SceneTemplates/InMemory/bd78319fec34411a809b2a26381211dc/Untitled/MetaQuestProRight_Material.fbx using Guid(41569344ead611f4590fe3caa25e6f6e) Importer(815301076,1909f56bfc062723c751e8b465ee728b) (PreviewImporter) -> (artifact id: '8807df0cbbd46464968c2fbd6c6d0e85') in 0.0238601 seconds
Number of updated asset objects reloaded before import = 0Number of asset objects unloaded after import = 10

========================================================================
Received Import Request.
  Time since last request: 0.000025 seconds.
  path: SceneTemplates/InMemory/bd78319fec34411a809b2a26381211dc/Untitled/metal_warehouse_1_MetallicSmoothness.tga
  artifactKey: Guid(960a01d970f4b9d43a359e3533b6535a) Importer(815301076,1909f56bfc062723c751e8b465ee728b)
Start importing SceneTemplates/InMemory/bd78319fec34411a809b2a26381211dc/Untitled/metal_warehouse_1_MetallicSmoothness.tga using Guid(960a01d970f4b9d43a359e3533b6535a) Importer(815301076,1909f56bfc062723c751e8b465ee728b) (PreviewImporter) -> (artifact id: '61fe2423553529749e56145e044f9bbe') in 0.0103997 seconds
Number of updated asset objects reloaded before import = 0Number of asset objects unloaded after import = 2

========================================================================
Received Import Request.
  Time since last request: 0.000066 seconds.
  path: SceneTemplates/InMemory/bd78319fec34411a809b2a26381211dc/Untitled/MetaQuestTouchPlusMATphong_left.mat
  artifactKey: Guid(560ed32997ffcbc48a87fb499d41cfb1) Importer(815301076,1909f56bfc062723c751e8b465ee728b)
Start importing SceneTemplates/InMemory/bd78319fec34411a809b2a26381211dc/Untitled/MetaQuestTouchPlusMATphong_left.mat using Guid(560ed32997ffcbc48a87fb499d41cfb1) Importer(815301076,1909f56bfc062723c751e8b465ee728b) (PreviewImporter) -> (artifact id: '32a7cbf8b2af0641c540cdf2efb06b7b') in 0.0173297 seconds
Number of updated asset objects reloaded before import = 0Number of asset objects unloaded after import = 4

========================================================================
Received Import Request.
  Time since last request: 0.000038 seconds.
  path: SceneTemplates/InMemory/bd78319fec34411a809b2a26381211dc/Untitled/kiosk_0001.bmp
  artifactKey: Guid(9e59fa43b378d1346a067512ea08718f) Importer(815301076,1909f56bfc062723c751e8b465ee728b)
Start importing SceneTemplates/InMemory/bd78319fec34411a809b2a26381211dc/Untitled/kiosk_0001.bmp using Guid(9e59fa43b378d1346a067512ea08718f) Importer(815301076,1909f56bfc062723c751e8b465ee728b) (PreviewImporter) -> (artifact id: '1257767ff301aec39262c1875d5605a6') in 0.0081278 seconds
Number of updated asset objects reloaded before import = 0Number of asset objects unloaded after import = 2

========================================================================
Received Import Request.
  Time since last request: 0.000027 seconds.
  path: SceneTemplates/InMemory/bd78319fec34411a809b2a26381211dc/Untitled/LocomotionLocation.fbx
  artifactKey: Guid(a1a42023d37e608419bdf3e180fb6c00) Importer(815301076,1909f56bfc062723c751e8b465ee728b)
Start importing SceneTemplates/InMemory/bd78319fec34411a809b2a26381211dc/Untitled/LocomotionLocation.fbx using Guid(a1a42023d37e608419bdf3e180fb6c00) Importer(815301076,1909f56bfc062723c751e8b465ee728b) (PreviewImporter) -> (artifact id: 'bdb9da354e46ce5df69a125b24048f03') in 0.024097 seconds
Number of updated asset objects reloaded before import = 0Number of asset objects unloaded after import = 16

========================================================================
Received Import Request.
  Time since last request: 5.299943 seconds.
  path: SceneTemplates/InMemory/bd78319fec34411a809b2a26381211dc/Untitled/Hmd.prefab
  artifactKey: Guid(fdda84207a72ffa498b866216868032d) Importer(815301076,1909f56bfc062723c751e8b465ee728b)
Start importing SceneTemplates/InMemory/bd78319fec34411a809b2a26381211dc/Untitled/Hmd.prefab using Guid(fdda84207a72ffa498b866216868032d) Importer(815301076,1909f56bfc062723c751e8b465ee728b) (PreviewImporter) -> (artifact id: '557b164f062f2a13c78f29ed3398af9c') in 0.003762 seconds
Number of updated asset objects reloaded before import = 0Number of asset objects unloaded after import = 5

========================================================================
Received Import Request.
  Time since last request: 0.000040 seconds.
  path: SceneTemplates/InMemory/bd78319fec34411a809b2a26381211dc/Untitled/kiosk.fbx
  artifactKey: Guid(823518288054283498fac6ad49490d9d) Importer(815301076,1909f56bfc062723c751e8b465ee728b)
Start importing SceneTemplates/InMemory/bd78319fec34411a809b2a26381211dc/Untitled/kiosk.fbx using Guid(823518288054283498fac6ad49490d9d) Importer(815301076,1909f56bfc062723c751e8b465ee728b) (PreviewImporter) -> (artifact id: 'c189502968aea7d41cd6bba2f1762e3c') in 0.0266968 seconds
Number of updated asset objects reloaded before import = 0Number of asset objects unloaded after import = 17

========================================================================
Received Import Request.
  Time since last request: 0.000021 seconds.
  path: SceneTemplates/InMemory/bd78319fec34411a809b2a26381211dc/Untitled/DistanceReticle.mat
  artifactKey: Guid(fe746547d2a85294fb1b51f49c8f0eac) Importer(815301076,1909f56bfc062723c751e8b465ee728b)
Start importing SceneTemplates/InMemory/bd78319fec34411a809b2a26381211dc/Untitled/DistanceReticle.mat using Guid(fe746547d2a85294fb1b51f49c8f0eac) Importer(815301076,1909f56bfc062723c751e8b465ee728b) (PreviewImporter) -> (artifact id: 'e8e23a7b9ace9c874f5eeb491af91a7b') in 0.0081989 seconds
Number of updated asset objects reloaded before import = 0Number of asset objects unloaded after import = 2

========================================================================
Received Import Request.
  Time since last request: 0.000022 seconds.
  path: SceneTemplates/InMemory/bd78319fec34411a809b2a26381211dc/Untitled/Hands.prefab
  artifactKey: Guid(afa80406b7f6e1f4489c07a157cfa0a0) Importer(815301076,1909f56bfc062723c751e8b465ee728b)
Start importing SceneTemplates/InMemory/bd78319fec34411a809b2a26381211dc/Untitled/Hands.prefab using Guid(afa80406b7f6e1f4489c07a157cfa0a0) Importer(815301076,1909f56bfc062723c751e8b465ee728b) (PreviewImporter) -> (artifact id: '38261b0171e8a4c3ad78766c174b1719') in 0.002467 seconds
Number of updated asset objects reloaded before import = 0Number of asset objects unloaded after import = 36

========================================================================
Received Import Request.
  Time since last request: 0.000020 seconds.
  path: SceneTemplates/InMemory/bd78319fec34411a809b2a26381211dc/Untitled/com.meta.xr.sdk.interaction.ovr_Runtime_Prefabs_Legacy_OVRControllerVisual.prefab
  artifactKey: Guid(9366a4a56fb9d1f4b9b1a0d02289f80a) Importer(815301076,1909f56bfc062723c751e8b465ee728b)
Start importing SceneTemplates/InMemory/bd78319fec34411a809b2a26381211dc/Untitled/com.meta.xr.sdk.interaction.ovr_Runtime_Prefabs_Legacy_OVRControllerVisual.prefab using Guid(9366a4a56fb9d1f4b9b1a0d02289f80a) Importer(815301076,1909f56bfc062723c751e8b465ee728b) (PreviewImporter) -> (artifact id: '9ac125fb588d379d9427e977bdacefdd') in 0.1431754 seconds
Number of updated asset objects reloaded before import = 0Number of asset objects unloaded after import = 1539

========================================================================
Received Import Request.
  Time since last request: 0.000052 seconds.
  path: SceneTemplates/InMemory/bd78319fec34411a809b2a26381211dc/Untitled/ControllerTurnerInteractor.prefab
  artifactKey: Guid(3dc7342a223693849b428a243b833176) Importer(815301076,1909f56bfc062723c751e8b465ee728b)
Start importing SceneTemplates/InMemory/bd78319fec34411a809b2a26381211dc/Untitled/ControllerTurnerInteractor.prefab using Guid(3dc7342a223693849b428a243b833176) Importer(815301076,1909f56bfc062723c751e8b465ee728b) (PreviewImporter) -> (artifact id: 'a415f36db1c68bb3a5dd3d37cb0b3560') in 0.003798 seconds
Number of updated asset objects reloaded before import = 0Number of asset objects unloaded after import = 7

========================================================================
Received Import Request.
  Time since last request: 0.000043 seconds.
  path: SceneTemplates/InMemory/bd78319fec34411a809b2a26381211dc/Untitled/ControllerSlide.prefab
  artifactKey: Guid(e09517f95ccca304d8bd52336b5d2054) Importer(815301076,1909f56bfc062723c751e8b465ee728b)
Start importing SceneTemplates/InMemory/bd78319fec34411a809b2a26381211dc/Untitled/ControllerSlide.prefab using Guid(e09517f95ccca304d8bd52336b5d2054) Importer(815301076,1909f56bfc062723c751e8b465ee728b) (PreviewImporter) -> (artifact id: 'df39ec30f930db9647c8a06eb4663651') in 0.00188 seconds
Number of updated asset objects reloaded before import = 0Number of asset objects unloaded after import = 12

========================================================================
Received Import Request.
  Time since last request: 0.000018 seconds.
  path: SceneTemplates/InMemory/bd78319fec34411a809b2a26381211dc/Untitled/ControllerStep.prefab
  artifactKey: Guid(d9dcfd95cf68b9a498a0241a35487bc4) Importer(815301076,1909f56bfc062723c751e8b465ee728b)
Start importing SceneTemplates/InMemory/bd78319fec34411a809b2a26381211dc/Untitled/ControllerStep.prefab using Guid(d9dcfd95cf68b9a498a0241a35487bc4) Importer(815301076,1909f56bfc062723c751e8b465ee728b) (PreviewImporter) -> (artifact id: '13104ccb1a0ae2ae96d701ae786f8c5a') in 0.0021796 seconds
Number of updated asset objects reloaded before import = 0Number of asset objects unloaded after import = 13

========================================================================
Received Import Request.
  Time since last request: 0.000019 seconds.
  path: SceneTemplates/InMemory/bd78319fec34411a809b2a26381211dc/Untitled/Cube.prefab
  artifactKey: Guid(e408a16578838ae4e9ba24692dabeeca) Importer(815301076,1909f56bfc062723c751e8b465ee728b)
Start importing SceneTemplates/InMemory/bd78319fec34411a809b2a26381211dc/Untitled/Cube.prefab using Guid(e408a16578838ae4e9ba24692dabeeca) Importer(815301076,1909f56bfc062723c751e8b465ee728b) (PreviewImporter) -> (artifact id: 'e1201619e8988a9fc9176a3229375a7e') in 0.0062764 seconds
Number of updated asset objects reloaded before import = 0Number of asset objects unloaded after import = 8

========================================================================
Received Import Request.
  Time since last request: 0.000019 seconds.
  path: SceneTemplates/InMemory/bd78319fec34411a809b2a26381211dc/Untitled/DistanceHandGrabInteractor.prefab
  artifactKey: Guid(61e6ff5d7fcb35d43baf7820d421dfe5) Importer(815301076,1909f56bfc062723c751e8b465ee728b)
Start importing SceneTemplates/InMemory/bd78319fec34411a809b2a26381211dc/Untitled/DistanceHandGrabInteractor.prefab using Guid(61e6ff5d7fcb35d43baf7820d421dfe5) Importer(815301076,1909f56bfc062723c751e8b465ee728b) (PreviewImporter) -> (artifact id: 'dcefe9ecbf65b849fe0fc6ece6e684b8') in 0.0024406 seconds
Number of updated asset objects reloaded before import = 0Number of asset objects unloaded after import = 52

========================================================================
Received Import Request.
  Time since last request: 0.000024 seconds.
  path: SceneTemplates/InMemory/bd78319fec34411a809b2a26381211dc/Untitled/ControllerRayInteractor.prefab
  artifactKey: Guid(6ea71d0b5825a7b4ebd4f50d33359995) Importer(815301076,1909f56bfc062723c751e8b465ee728b)
Start importing SceneTemplates/InMemory/bd78319fec34411a809b2a26381211dc/Untitled/ControllerRayInteractor.prefab using Guid(6ea71d0b5825a7b4ebd4f50d33359995) Importer(815301076,1909f56bfc062723c751e8b465ee728b) (PreviewImporter) -> (artifact id: 'ab1c8cd18516c8bb1e985914e0bf34c9') in 0.0095508 seconds
Number of updated asset objects reloaded before import = 0Number of asset objects unloaded after import = 35

========================================================================
Received Import Request.
  Time since last request: 0.000027 seconds.
  path: SceneTemplates/InMemory/bd78319fec34411a809b2a26381211dc/Untitled/kiosk-brickwall.mat
  artifactKey: Guid(882d37f5084dd0f488ca8ad8460882b2) Importer(815301076,1909f56bfc062723c751e8b465ee728b)
Start importing SceneTemplates/InMemory/bd78319fec34411a809b2a26381211dc/Untitled/kiosk-brickwall.mat using Guid(882d37f5084dd0f488ca8ad8460882b2) Importer(815301076,1909f56bfc062723c751e8b465ee728b) (PreviewImporter) -> (artifact id: '27d7d32fe76dcbcd33fd834291d1edbc') in 0.0087771 seconds
Number of updated asset objects reloaded before import = 0Number of asset objects unloaded after import = 2

========================================================================
Received Import Request.
  Time since last request: 0.000020 seconds.
  path: SceneTemplates/InMemory/bd78319fec34411a809b2a26381211dc/Untitled/Hammer.obj
  artifactKey: Guid(9c87a315f729ee44481e7cfece18b6c6) Importer(815301076,1909f56bfc062723c751e8b465ee728b)
Start importing SceneTemplates/InMemory/bd78319fec34411a809b2a26381211dc/Untitled/Hammer.obj using Guid(9c87a315f729ee44481e7cfece18b6c6) Importer(815301076,1909f56bfc062723c751e8b465ee728b) (PreviewImporter) -> (artifact id: '3022ad7b60a584d04186f63ff1382f1e') in 0.0208965 seconds
Number of updated asset objects reloaded before import = 0Number of asset objects unloaded after import = 10

========================================================================
Received Import Request.
  Time since last request: 0.000021 seconds.
  path: SceneTemplates/InMemory/bd78319fec34411a809b2a26381211dc/Untitled/controller_l_lo_Normal.png
  artifactKey: Guid(9d729666a08f7cb429c6bab7c1251de3) Importer(815301076,1909f56bfc062723c751e8b465ee728b)
Start importing SceneTemplates/InMemory/bd78319fec34411a809b2a26381211dc/Untitled/controller_l_lo_Normal.png using Guid(9d729666a08f7cb429c6bab7c1251de3) Importer(815301076,1909f56bfc062723c751e8b465ee728b) (PreviewImporter) -> (artifact id: '875045cece74027a100b0cc0e6b76ca4') in 0.0093287 seconds
Number of updated asset objects reloaded before import = 0Number of asset objects unloaded after import = 2

Editor requested this worker to shutdown with reason: Scaling down because of idle timeout
AssetImportWorker is now disconnected from the server
Process exiting
Exiting without the bug reporter. Application will terminate with return code 0